{"D:\\Magic_Software_Project\\movie_explorer_reactjs_shruti\\src\\Services\\AdminServices.tsx": {"path":"D:\\Magic_Software_Project\\movie_explorer_reactjs_shruti\\src\\Services\\AdminServices.tsx","statementMap":{"0":{"start":{"line":1,"column":0},"end":{"line":1,"column":26}},"1":{"start":{"line":4,"column":17},"end":{"line":4,"column":87}},"2":{"start":{"line":6,"column":24},"end":{"line":20,"column":2}},"3":{"start":{"line":6,"column":43},"end":{"line":20,"column":2}},"4":{"start":{"line":7,"column":16},"end":{"line":7,"column":45}},"5":{"start":{"line":8,"column":2},"end":{"line":19,"column":3}},"6":{"start":{"line":9,"column":21},"end":{"line":15,"column":6}},"7":{"start":{"line":16,"column":4},"end":{"line":16,"column":25}},"8":{"start":{"line":18,"column":4},"end":{"line":18,"column":16}},"9":{"start":{"line":6,"column":13},"end":{"line":6,"column":24}},"10":{"start":{"line":22,"column":27},"end":{"line":36,"column":2}},"11":{"start":{"line":22,"column":50},"end":{"line":36,"column":2}},"12":{"start":{"line":23,"column":16},"end":{"line":23,"column":45}},"13":{"start":{"line":24,"column":2},"end":{"line":35,"column":3}},"14":{"start":{"line":25,"column":21},"end":{"line":31,"column":6}},"15":{"start":{"line":32,"column":4},"end":{"line":32,"column":25}},"16":{"start":{"line":34,"column":4},"end":{"line":34,"column":16}},"17":{"start":{"line":22,"column":13},"end":{"line":22,"column":27}},"18":{"start":{"line":39,"column":27},"end":{"line":52,"column":2}},"19":{"start":{"line":39,"column":40},"end":{"line":52,"column":2}},"20":{"start":{"line":40,"column":16},"end":{"line":40,"column":45}},"21":{"start":{"line":41,"column":2},"end":{"line":51,"column":3}},"22":{"start":{"line":42,"column":21},"end":{"line":47,"column":6}},"23":{"start":{"line":48,"column":4},"end":{"line":48,"column":25}},"24":{"start":{"line":50,"column":4},"end":{"line":50,"column":16}},"25":{"start":{"line":39,"column":13},"end":{"line":39,"column":27}}},"fnMap":{"0":{"name":"(anonymous_8)","decl":{"start":{"line":6,"column":24},"end":{"line":6,"column":31}},"loc":{"start":{"line":6,"column":43},"end":{"line":20,"column":2}}},"1":{"name":"(anonymous_9)","decl":{"start":{"line":6,"column":43},"end":{"line":6,"column":null}},"loc":{"start":{"line":6,"column":43},"end":{"line":20,"column":1}}},"2":{"name":"(anonymous_10)","decl":{"start":{"line":22,"column":27},"end":{"line":22,"column":34}},"loc":{"start":{"line":22,"column":50},"end":{"line":36,"column":2}}},"3":{"name":"(anonymous_11)","decl":{"start":{"line":22,"column":50},"end":{"line":22,"column":null}},"loc":{"start":{"line":22,"column":50},"end":{"line":36,"column":1}}},"4":{"name":"(anonymous_12)","decl":{"start":{"line":39,"column":27},"end":{"line":39,"column":34}},"loc":{"start":{"line":39,"column":40},"end":{"line":52,"column":2}}},"5":{"name":"(anonymous_13)","decl":{"start":{"line":39,"column":40},"end":{"line":39,"column":null}},"loc":{"start":{"line":39,"column":40},"end":{"line":52,"column":1}}}},"branchMap":{},"s":{"0":1,"1":1,"2":1,"3":0,"4":0,"5":0,"6":0,"7":0,"8":0,"9":1,"10":1,"11":0,"12":0,"13":0,"14":0,"15":0,"16":0,"17":1,"18":1,"19":0,"20":0,"21":0,"22":0,"23":0,"24":0,"25":1},"f":{"0":0,"1":0,"2":0,"3":0,"4":0,"5":0},"b":{}}
,"D:\\Magic_Software_Project\\movie_explorer_reactjs_shruti\\src\\Services\\MovieService.tsx": {"path":"D:\\Magic_Software_Project\\movie_explorer_reactjs_shruti\\src\\Services\\MovieService.tsx","statementMap":{"0":{"start":{"line":1,"column":0},"end":{"line":1,"column":36}},"1":{"start":{"line":2,"column":0},"end":{"line":2,"column":26}},"2":{"start":{"line":5,"column":17},"end":{"line":5,"column":73}},"3":{"start":{"line":32,"column":40},"end":{"line":69,"column":4}},"4":{"start":{"line":32,"column":91},"end":{"line":69,"column":4}},"5":{"start":{"line":33,"column":4},"end":{"line":68,"column":5}},"6":{"start":{"line":34,"column":23},"end":{"line":40,"column":8}},"7":{"start":{"line":42,"column":19},"end":{"line":42,"column":32}},"8":{"start":{"line":44,"column":39},"end":{"line":52,"column":8}},"9":{"start":{"line":54,"column":6},"end":{"line":54,"column":39}},"10":{"start":{"line":55,"column":6},"end":{"line":55,"column":23}},"11":{"start":{"line":58,"column":6},"end":{"line":58,"column":59}},"12":{"start":{"line":59,"column":6},"end":{"line":67,"column":8}},"13":{"start":{"line":32,"column":15},"end":{"line":32,"column":40}},"14":{"start":{"line":71,"column":30},"end":{"line":87,"column":4}},"15":{"start":{"line":71,"column":72},"end":{"line":87,"column":4}},"16":{"start":{"line":72,"column":4},"end":{"line":86,"column":5}},"17":{"start":{"line":73,"column":23},"end":{"line":80,"column":8}},"18":{"start":{"line":81,"column":6},"end":{"line":81,"column":37}},"19":{"start":{"line":82,"column":6},"end":{"line":82,"column":40}},"20":{"start":{"line":84,"column":6},"end":{"line":84,"column":60}},"21":{"start":{"line":85,"column":6},"end":{"line":85,"column":16}},"22":{"start":{"line":71,"column":15},"end":{"line":71,"column":30}},"23":{"start":{"line":90,"column":30},"end":{"line":109,"column":null}},"24":{"start":{"line":90,"column":39},"end":{"line":109,"column":null}},"25":{"start":{"line":91,"column":4},"end":{"line":108,"column":5}},"26":{"start":{"line":92,"column":25},"end":{"line":99,"column":14}},"27":{"start":{"line":101,"column":12},"end":{"line":101,"column":56}},"28":{"start":{"line":102,"column":37},"end":{"line":102,"column":57}},"29":{"start":{"line":103,"column":12},"end":{"line":103,"column":57}},"30":{"start":{"line":104,"column":12},"end":{"line":104,"column":26}},"31":{"start":{"line":107,"column":8},"end":{"line":107,"column":60}},"32":{"start":{"line":90,"column":15},"end":{"line":90,"column":30}},"33":{"start":{"line":111,"column":29},"end":{"line":128,"column":4}},"34":{"start":{"line":111,"column":50},"end":{"line":128,"column":4}},"35":{"start":{"line":112,"column":13},"end":{"line":112,"column":45}},"36":{"start":{"line":113,"column":4},"end":{"line":127,"column":5}},"37":{"start":{"line":114,"column":23},"end":{"line":120,"column":8}},"38":{"start":{"line":121,"column":27},"end":{"line":121,"column":46}},"39":{"start":{"line":122,"column":6},"end":{"line":122,"column":43}},"40":{"start":{"line":123,"column":6},"end":{"line":123,"column":19}},"41":{"start":{"line":125,"column":6},"end":{"line":125,"column":66}},"42":{"start":{"line":126,"column":6},"end":{"line":126,"column":18}},"43":{"start":{"line":111,"column":13},"end":{"line":111,"column":29}},"44":{"start":{"line":130,"column":34},"end":{"line":145,"column":4}},"45":{"start":{"line":130,"column":76},"end":{"line":145,"column":4}},"46":{"start":{"line":131,"column":4},"end":{"line":144,"column":5}},"47":{"start":{"line":132,"column":23},"end":{"line":139,"column":8}},"48":{"start":{"line":140,"column":6},"end":{"line":140,"column":27}},"49":{"start":{"line":142,"column":6},"end":{"line":142,"column":68}},"50":{"start":{"line":143,"column":6},"end":{"line":143,"column":28}},"51":{"start":{"line":130,"column":15},"end":{"line":130,"column":34}}},"fnMap":{"0":{"name":"(anonymous_8)","decl":{"start":{"line":32,"column":40},"end":{"line":32,"column":47}},"loc":{"start":{"line":32,"column":91},"end":{"line":69,"column":4}}},"1":{"name":"(anonymous_9)","decl":{"start":{"line":32,"column":91},"end":{"line":32,"column":null}},"loc":{"start":{"line":32,"column":63},"end":{"line":69,"column":3}}},"2":{"name":"(anonymous_10)","decl":{"start":{"line":71,"column":30},"end":{"line":71,"column":37}},"loc":{"start":{"line":71,"column":72},"end":{"line":87,"column":4}}},"3":{"name":"(anonymous_11)","decl":{"start":{"line":71,"column":72},"end":{"line":71,"column":null}},"loc":{"start":{"line":71,"column":72},"end":{"line":87,"column":3}}},"4":{"name":"(anonymous_12)","decl":{"start":{"line":90,"column":30},"end":{"line":90,"column":37}},"loc":{"start":{"line":90,"column":39},"end":{"line":109,"column":null}}},"5":{"name":"(anonymous_13)","decl":{"start":{"line":90,"column":39},"end":{"line":90,"column":null}},"loc":{"start":{"line":90,"column":39},"end":{"line":109,"column":1}}},"6":{"name":"(anonymous_14)","decl":{"start":{"line":111,"column":29},"end":{"line":111,"column":36}},"loc":{"start":{"line":111,"column":50},"end":{"line":128,"column":4}}},"7":{"name":"(anonymous_15)","decl":{"start":{"line":111,"column":50},"end":{"line":111,"column":null}},"loc":{"start":{"line":111,"column":50},"end":{"line":128,"column":3}}},"8":{"name":"(anonymous_16)","decl":{"start":{"line":130,"column":34},"end":{"line":130,"column":41}},"loc":{"start":{"line":130,"column":76},"end":{"line":145,"column":4}}},"9":{"name":"(anonymous_17)","decl":{"start":{"line":130,"column":76},"end":{"line":130,"column":null}},"loc":{"start":{"line":130,"column":72},"end":{"line":145,"column":3}}}},"branchMap":{"0":{"loc":{"start":{"line":32,"column":47},"end":{"line":32,"column":63}},"type":"default-arg","locations":[{"start":{"line":32,"column":62},"end":{"line":32,"column":63}}]},"1":{"loc":{"start":{"line":45,"column":16},"end":{"line":45,"column":33}},"type":"binary-expr","locations":[{"start":{"line":45,"column":16},"end":{"line":45,"column":27}},{"start":{"line":45,"column":31},"end":{"line":45,"column":33}}]},"2":{"loc":{"start":{"line":46,"column":20},"end":{"line":51,"column":null}},"type":"binary-expr","locations":[{"start":{"line":46,"column":20},"end":{"line":46,"column":35}},{"start":{"line":46,"column":39},"end":{"line":51,"column":null}}]},"3":{"loc":{"start":{"line":47,"column":24},"end":{"line":47,"column":49}},"type":"binary-expr","locations":[{"start":{"line":47,"column":24},"end":{"line":47,"column":41}},{"start":{"line":47,"column":45},"end":{"line":47,"column":49}}]},"4":{"loc":{"start":{"line":48,"column":23},"end":{"line":48,"column":44}},"type":"binary-expr","locations":[{"start":{"line":48,"column":23},"end":{"line":48,"column":39}},{"start":{"line":48,"column":43},"end":{"line":48,"column":44}}]},"5":{"loc":{"start":{"line":49,"column":23},"end":{"line":49,"column":67}},"type":"binary-expr","locations":[{"start":{"line":49,"column":23},"end":{"line":49,"column":39}},{"start":{"line":49,"column":43},"end":{"line":49,"column":62}},{"start":{"line":49,"column":66},"end":{"line":49,"column":67}}]},"6":{"loc":{"start":{"line":49,"column":43},"end":{"line":49,"column":62}},"type":"cond-expr","locations":[{"start":{"line":49,"column":54},"end":{"line":49,"column":56}},{"start":{"line":49,"column":54},"end":{"line":49,"column":62}}]},"7":{"loc":{"start":{"line":49,"column":43},"end":{"line":49,"column":56}},"type":"binary-expr","locations":[{"start":{"line":49,"column":43},"end":{"line":49,"column":56}},{"start":{"line":49,"column":54},"end":{"line":49,"column":56}}]},"8":{"loc":{"start":{"line":50,"column":20},"end":{"line":50,"column":39}},"type":"binary-expr","locations":[{"start":{"line":50,"column":20},"end":{"line":50,"column":33}},{"start":{"line":50,"column":37},"end":{"line":50,"column":39}}]},"9":{"loc":{"start":{"line":82,"column":13},"end":{"line":82,"column":39}},"type":"binary-expr","locations":[{"start":{"line":82,"column":13},"end":{"line":82,"column":33}},{"start":{"line":82,"column":37},"end":{"line":82,"column":39}}]},"10":{"loc":{"start":{"line":130,"column":56},"end":{"line":130,"column":72}},"type":"default-arg","locations":[{"start":{"line":130,"column":71},"end":{"line":130,"column":72}}]}},"s":{"0":3,"1":3,"2":3,"3":3,"4":0,"5":0,"6":0,"7":0,"8":0,"9":0,"10":0,"11":0,"12":0,"13":3,"14":3,"15":0,"16":0,"17":0,"18":0,"19":0,"20":0,"21":0,"22":3,"23":3,"24":0,"25":0,"26":0,"27":0,"28":0,"29":0,"30":0,"31":0,"32":3,"33":3,"34":0,"35":0,"36":0,"37":0,"38":0,"39":0,"40":0,"41":0,"42":0,"43":3,"44":3,"45":0,"46":0,"47":0,"48":0,"49":0,"50":0,"51":3},"f":{"0":0,"1":0,"2":0,"3":0,"4":0,"5":0,"6":0,"7":0,"8":0,"9":0},"b":{"0":[0],"1":[0,0],"2":[0,0],"3":[0,0],"4":[0,0],"5":[0,0,0],"6":[0,0],"7":[0,0],"8":[0,0],"9":[0,0],"10":[0]}}
,"D:\\Magic_Software_Project\\movie_explorer_reactjs_shruti\\src\\Services\\SubscriptionService.tsx": {"path":"D:\\Magic_Software_Project\\movie_explorer_reactjs_shruti\\src\\Services\\SubscriptionService.tsx","statementMap":{"0":{"start":{"line":1,"column":15},"end":{"line":1,"column":71}},"1":{"start":{"line":3,"column":0},"end":{"line":3,"column":26}},"2":{"start":{"line":4,"column":0},"end":{"line":4,"column":36}},"3":{"start":{"line":6,"column":34},"end":{"line":41,"column":2}},"4":{"start":{"line":6,"column":78},"end":{"line":41,"column":2}},"5":{"start":{"line":7,"column":4},"end":{"line":40,"column":5}},"6":{"start":{"line":8,"column":20},"end":{"line":8,"column":49}},"7":{"start":{"line":9,"column":6},"end":{"line":12,"column":7}},"8":{"start":{"line":10,"column":8},"end":{"line":10,"column":50}},"9":{"start":{"line":11,"column":8},"end":{"line":11,"column":57}},"10":{"start":{"line":14,"column":23},"end":{"line":22,"column":null}},"11":{"start":{"line":25,"column":6},"end":{"line":25,"column":50}},"12":{"start":{"line":27,"column":6},"end":{"line":29,"column":7}},"13":{"start":{"line":28,"column":8},"end":{"line":28,"column":45}},"14":{"start":{"line":31,"column":26},"end":{"line":31,"column":107}},"15":{"start":{"line":32,"column":6},"end":{"line":34,"column":7}},"16":{"start":{"line":33,"column":8},"end":{"line":33,"column":65}},"17":{"start":{"line":36,"column":6},"end":{"line":36,"column":25}},"18":{"start":{"line":38,"column":6},"end":{"line":38,"column":57}},"19":{"start":{"line":39,"column":6},"end":{"line":39,"column":74}},"20":{"start":{"line":6,"column":13},"end":{"line":6,"column":34}},"21":{"start":{"line":43,"column":37},"end":{"line":75,"column":4}},"22":{"start":{"line":43,"column":61},"end":{"line":75,"column":4}},"23":{"start":{"line":44,"column":4},"end":{"line":74,"column":5}},"24":{"start":{"line":45,"column":6},"end":{"line":48,"column":7}},"25":{"start":{"line":46,"column":8},"end":{"line":46,"column":50}},"26":{"start":{"line":47,"column":8},"end":{"line":47,"column":57}},"27":{"start":{"line":50,"column":23},"end":{"line":56,"column":null}},"28":{"start":{"line":59,"column":6},"end":{"line":61,"column":7}},"29":{"start":{"line":60,"column":8},"end":{"line":60,"column":45}},"30":{"start":{"line":63,"column":6},"end":{"line":63,"column":27}},"31":{"start":{"line":65,"column":6},"end":{"line":69,"column":9}},"32":{"start":{"line":70,"column":6},"end":{"line":72,"column":7}},"33":{"start":{"line":71,"column":8},"end":{"line":71,"column":94}},"34":{"start":{"line":73,"column":6},"end":{"line":73,"column":54}},"35":{"start":{"line":43,"column":13},"end":{"line":43,"column":37}}},"fnMap":{"0":{"name":"(anonymous_8)","decl":{"start":{"line":6,"column":34},"end":{"line":6,"column":41}},"loc":{"start":{"line":6,"column":78},"end":{"line":41,"column":2}}},"1":{"name":"(anonymous_9)","decl":{"start":{"line":6,"column":78},"end":{"line":6,"column":null}},"loc":{"start":{"line":6,"column":78},"end":{"line":41,"column":1}}},"2":{"name":"(anonymous_10)","decl":{"start":{"line":43,"column":37},"end":{"line":43,"column":44}},"loc":{"start":{"line":43,"column":61},"end":{"line":75,"column":4}}},"3":{"name":"(anonymous_11)","decl":{"start":{"line":43,"column":61},"end":{"line":43,"column":null}},"loc":{"start":{"line":43,"column":61},"end":{"line":75,"column":3}}}},"branchMap":{"0":{"loc":{"start":{"line":9,"column":6},"end":{"line":12,"column":7}},"type":"if","locations":[{"start":{"line":9,"column":6},"end":{"line":12,"column":7}}]},"1":{"loc":{"start":{"line":27,"column":6},"end":{"line":29,"column":7}},"type":"if","locations":[{"start":{"line":27,"column":6},"end":{"line":29,"column":7}}]},"2":{"loc":{"start":{"line":31,"column":26},"end":{"line":31,"column":107}},"type":"binary-expr","locations":[{"start":{"line":31,"column":26},"end":{"line":31,"column":51}},{"start":{"line":31,"column":55},"end":{"line":31,"column":86}},{"start":{"line":31,"column":90},"end":{"line":31,"column":107}}]},"3":{"loc":{"start":{"line":31,"column":55},"end":{"line":31,"column":86}},"type":"cond-expr","locations":[{"start":{"line":31,"column":73},"end":{"line":31,"column":75}},{"start":{"line":31,"column":73},"end":{"line":31,"column":86}}]},"4":{"loc":{"start":{"line":31,"column":55},"end":{"line":31,"column":75}},"type":"binary-expr","locations":[{"start":{"line":31,"column":55},"end":{"line":31,"column":75}},{"start":{"line":31,"column":73},"end":{"line":31,"column":75}}]},"5":{"loc":{"start":{"line":32,"column":6},"end":{"line":34,"column":7}},"type":"if","locations":[{"start":{"line":32,"column":6},"end":{"line":34,"column":7}}]},"6":{"loc":{"start":{"line":39,"column":22},"end":{"line":39,"column":72}},"type":"binary-expr","locations":[{"start":{"line":39,"column":22},"end":{"line":39,"column":35}},{"start":{"line":39,"column":39},"end":{"line":39,"column":72}}]},"7":{"loc":{"start":{"line":45,"column":6},"end":{"line":48,"column":7}},"type":"if","locations":[{"start":{"line":45,"column":6},"end":{"line":48,"column":7}}]},"8":{"loc":{"start":{"line":59,"column":6},"end":{"line":61,"column":7}},"type":"if","locations":[{"start":{"line":59,"column":6},"end":{"line":61,"column":7}}]},"9":{"loc":{"start":{"line":66,"column":17},"end":{"line":66,"column":73}},"type":"cond-expr","locations":[{"start":{"line":66,"column":42},"end":{"line":66,"column":55}},{"start":{"line":66,"column":58},"end":{"line":66,"column":73}}]},"10":{"loc":{"start":{"line":67,"column":18},"end":{"line":67,"column":78}},"type":"cond-expr","locations":[{"start":{"line":67,"column":46},"end":{"line":67,"column":66}},{"start":{"line":67,"column":69},"end":{"line":67,"column":78}}]},"11":{"loc":{"start":{"line":67,"column":46},"end":{"line":67,"column":66}},"type":"cond-expr","locations":[{"start":{"line":67,"column":60},"end":{"line":67,"column":62}},{"start":{"line":67,"column":60},"end":{"line":67,"column":66}}]},"12":{"loc":{"start":{"line":67,"column":46},"end":{"line":67,"column":62}},"type":"binary-expr","locations":[{"start":{"line":67,"column":46},"end":{"line":67,"column":62}},{"start":{"line":67,"column":60},"end":{"line":67,"column":62}}]},"13":{"loc":{"start":{"line":68,"column":16},"end":{"line":68,"column":78}},"type":"cond-expr","locations":[{"start":{"line":68,"column":44},"end":{"line":68,"column":66}},{"start":{"line":68,"column":69},"end":{"line":68,"column":78}}]},"14":{"loc":{"start":{"line":68,"column":44},"end":{"line":68,"column":66}},"type":"cond-expr","locations":[{"start":{"line":68,"column":58},"end":{"line":68,"column":60}},{"start":{"line":68,"column":58},"end":{"line":68,"column":66}}]},"15":{"loc":{"start":{"line":68,"column":44},"end":{"line":68,"column":60}},"type":"binary-expr","locations":[{"start":{"line":68,"column":44},"end":{"line":68,"column":60}},{"start":{"line":68,"column":58},"end":{"line":68,"column":60}}]},"16":{"loc":{"start":{"line":70,"column":6},"end":{"line":72,"column":7}},"type":"if","locations":[{"start":{"line":70,"column":6},"end":{"line":72,"column":7}}]},"17":{"loc":{"start":{"line":71,"column":24},"end":{"line":71,"column":92}},"type":"binary-expr","locations":[{"start":{"line":71,"column":24},"end":{"line":71,"column":51}},{"start":{"line":71,"column":55},"end":{"line":71,"column":92}}]},"18":{"loc":{"start":{"line":71,"column":24},"end":{"line":71,"column":51}},"type":"cond-expr","locations":[{"start":{"line":71,"column":44},"end":{"line":71,"column":46}},{"start":{"line":71,"column":44},"end":{"line":71,"column":51}}]},"19":{"loc":{"start":{"line":71,"column":24},"end":{"line":71,"column":46}},"type":"binary-expr","locations":[{"start":{"line":71,"column":24},"end":{"line":71,"column":46}},{"start":{"line":71,"column":44},"end":{"line":71,"column":46}}]},"20":{"loc":{"start":{"line":71,"column":24},"end":{"line":71,"column":44}},"type":"cond-expr","locations":[{"start":{"line":71,"column":38},"end":{"line":71,"column":40}},{"start":{"line":71,"column":38},"end":{"line":71,"column":44}}]},"21":{"loc":{"start":{"line":71,"column":24},"end":{"line":71,"column":40}},"type":"binary-expr","locations":[{"start":{"line":71,"column":24},"end":{"line":71,"column":40}},{"start":{"line":71,"column":38},"end":{"line":71,"column":40}}]}},"s":{"0":1,"1":1,"2":1,"3":1,"4":0,"5":0,"6":0,"7":0,"8":0,"9":0,"10":0,"11":0,"12":0,"13":0,"14":0,"15":0,"16":0,"17":0,"18":0,"19":0,"20":1,"21":1,"22":0,"23":0,"24":0,"25":0,"26":0,"27":0,"28":0,"29":0,"30":0,"31":0,"32":0,"33":0,"34":0,"35":1},"f":{"0":0,"1":0,"2":0,"3":0},"b":{"0":[0],"1":[0],"2":[0,0,0],"3":[0,0],"4":[0,0],"5":[0],"6":[0,0],"7":[0],"8":[0],"9":[0,0],"10":[0,0],"11":[0,0],"12":[0,0],"13":[0,0],"14":[0,0],"15":[0,0],"16":[0],"17":[0,0],"18":[0,0],"19":[0,0],"20":[0,0],"21":[0,0]}}
,"D:\\Magic_Software_Project\\movie_explorer_reactjs_shruti\\src\\components\\FadeInSection.tsx": {"path":"D:\\Magic_Software_Project\\movie_explorer_reactjs_shruti\\src\\components\\FadeInSection.tsx","statementMap":{"0":{"start":{"line":1,"column":0},"end":{"line":1,"column":49}},"1":{"start":{"line":2,"column":0},"end":{"line":2,"column":64}},"2":{"start":{"line":8,"column":52},"end":{"line":31,"column":1}},"3":{"start":{"line":9,"column":14},"end":{"line":9,"column":26}},"4":{"start":{"line":10,"column":19},"end":{"line":10,"column":50}},"5":{"start":{"line":11,"column":19},"end":{"line":11,"column":33}},"6":{"start":{"line":13,"column":2},"end":{"line":19,"column":27}},"7":{"start":{"line":14,"column":4},"end":{"line":18,"column":5}},"8":{"start":{"line":15,"column":6},"end":{"line":15,"column":43}},"9":{"start":{"line":17,"column":6},"end":{"line":17,"column":44}},"10":{"start":{"line":21,"column":2},"end":{"line":30,"column":4}},"11":{"start":{"line":33,"column":0},"end":{"line":33,"column":29}}},"fnMap":{"0":{"name":"(anonymous_0)","decl":{"start":{"line":8,"column":52},"end":{"line":8,"column":53}},"loc":{"start":{"line":8,"column":69},"end":{"line":31,"column":1}}},"1":{"name":"(anonymous_1)","decl":{"start":{"line":13,"column":12},"end":{"line":13,"column":15}},"loc":{"start":{"line":13,"column":17},"end":{"line":19,"column":3}}}},"branchMap":{"0":{"loc":{"start":{"line":14,"column":4},"end":{"line":18,"column":5}},"type":"if","locations":[{"start":{"line":14,"column":4},"end":{"line":18,"column":5}},{"start":{"line":16,"column":11},"end":{"line":18,"column":5}}]}},"s":{"0":1,"1":1,"2":1,"3":4,"4":4,"5":4,"6":4,"7":4,"8":1,"9":3,"10":4,"11":1},"f":{"0":4,"1":4},"b":{"0":[1,3]}}
,"D:\\Magic_Software_Project\\movie_explorer_reactjs_shruti\\src\\components\\MovieBanner.tsx": {"path":"D:\\Magic_Software_Project\\movie_explorer_reactjs_shruti\\src\\components\\MovieBanner.tsx","statementMap":{"0":{"start":{"line":1,"column":0},"end":{"line":1,"column":51}},"1":{"start":{"line":2,"column":0},"end":{"line":2,"column":49}},"2":{"start":{"line":3,"column":0},"end":{"line":3,"column":56}},"3":{"start":{"line":4,"column":0},"end":{"line":4,"column":55}},"4":{"start":{"line":22,"column":26},"end":{"line":29,"column":2}},"5":{"start":{"line":31,"column":21},"end":{"line":35,"column":2}},"6":{"start":{"line":37,"column":30},"end":{"line":135,"column":1}},"7":{"start":{"line":38,"column":30},"end":{"line":38,"column":51}},"8":{"start":{"line":39,"column":52},"end":{"line":39,"column":63}},"9":{"start":{"line":41,"column":2},"end":{"line":50,"column":9}},"10":{"start":{"line":42,"column":24},"end":{"line":47,"column":6}},"11":{"start":{"line":42,"column":35},"end":{"line":47,"column":6}},"12":{"start":{"line":43,"column":24},"end":{"line":43,"column":44}},"13":{"start":{"line":44,"column":6},"end":{"line":46,"column":7}},"14":{"start":{"line":45,"column":8},"end":{"line":45,"column":29}},"15":{"start":{"line":49,"column":4},"end":{"line":49,"column":18}},"16":{"start":{"line":52,"column":2},"end":{"line":62,"column":15}},"17":{"start":{"line":53,"column":21},"end":{"line":59,"column":12}},"18":{"start":{"line":54,"column":6},"end":{"line":58,"column":9}},"19":{"start":{"line":55,"column":8},"end":{"line":55,"column":52}},"20":{"start":{"line":56,"column":8},"end":{"line":56,"column":42}},"21":{"start":{"line":56,"column":33},"end":{"line":56,"column":42}},"22":{"start":{"line":57,"column":8},"end":{"line":57,"column":42}},"23":{"start":{"line":61,"column":4},"end":{"line":61,"column":41}},"24":{"start":{"line":61,"column":17},"end":{"line":61,"column":40}},"25":{"start":{"line":64,"column":23},"end":{"line":64,"column":48}},"26":{"start":{"line":66,"column":2},"end":{"line":66,"column":33}},"27":{"start":{"line":66,"column":21},"end":{"line":66,"column":33}},"28":{"start":{"line":69,"column":2},"end":{"line":134,"column":4}},"29":{"start":{"line":112,"column":16},"end":{"line":113,"column":null}},"30":{"start":{"line":137,"column":0},"end":{"line":137,"column":27}}},"fnMap":{"0":{"name":"(anonymous_7)","decl":{"start":{"line":37,"column":30},"end":{"line":37,"column":33}},"loc":{"start":{"line":37,"column":35},"end":{"line":135,"column":1}}},"1":{"name":"(anonymous_8)","decl":{"start":{"line":41,"column":12},"end":{"line":41,"column":15}},"loc":{"start":{"line":41,"column":17},"end":{"line":50,"column":3}}},"2":{"name":"(anonymous_9)","decl":{"start":{"line":42,"column":24},"end":{"line":42,"column":33}},"loc":{"start":{"line":42,"column":35},"end":{"line":47,"column":6}}},"3":{"name":"(anonymous_10)","decl":{"start":{"line":42,"column":35},"end":{"line":42,"column":null}},"loc":{"start":{"line":42,"column":35},"end":{"line":47,"column":5}}},"4":{"name":"(anonymous_11)","decl":{"start":{"line":52,"column":12},"end":{"line":52,"column":15}},"loc":{"start":{"line":52,"column":17},"end":{"line":62,"column":3}}},"5":{"name":"(anonymous_12)","decl":{"start":{"line":53,"column":33},"end":{"line":53,"column":36}},"loc":{"start":{"line":53,"column":38},"end":{"line":59,"column":5}}},"6":{"name":"(anonymous_13)","decl":{"start":{"line":54,"column":27},"end":{"line":54,"column":28}},"loc":{"start":{"line":54,"column":36},"end":{"line":58,"column":7}}},"7":{"name":"(anonymous_14)","decl":{"start":{"line":61,"column":11},"end":{"line":61,"column":14}},"loc":{"start":{"line":61,"column":17},"end":{"line":61,"column":40}}},"8":{"name":"(anonymous_15)","decl":{"start":{"line":111,"column":49},"end":{"line":111,"column":50}},"loc":{"start":{"line":112,"column":16},"end":{"line":113,"column":null}}}},"branchMap":{"0":{"loc":{"start":{"line":44,"column":6},"end":{"line":46,"column":7}},"type":"if","locations":[{"start":{"line":44,"column":6},"end":{"line":46,"column":7}}]},"1":{"loc":{"start":{"line":44,"column":10},"end":{"line":44,"column":43}},"type":"binary-expr","locations":[{"start":{"line":44,"column":10},"end":{"line":44,"column":19}},{"start":{"line":44,"column":23},"end":{"line":44,"column":43}}]},"2":{"loc":{"start":{"line":56,"column":8},"end":{"line":56,"column":42}},"type":"if","locations":[{"start":{"line":56,"column":8},"end":{"line":56,"column":42}}]},"3":{"loc":{"start":{"line":66,"column":2},"end":{"line":66,"column":33}},"type":"if","locations":[{"start":{"line":66,"column":2},"end":{"line":66,"column":33}}]}},"s":{"0":1,"1":1,"2":1,"3":1,"4":1,"5":1,"6":1,"7":14,"8":14,"9":14,"10":8,"11":8,"12":8,"13":8,"14":6,"15":8,"16":14,"17":13,"18":1,"19":1,"20":1,"21":0,"22":1,"23":13,"24":13,"25":14,"26":14,"27":8,"28":6,"29":10,"30":1},"f":{"0":14,"1":8,"2":8,"3":8,"4":13,"5":1,"6":1,"7":13,"8":10},"b":{"0":[6],"1":[8,7],"2":[0],"3":[8]}}
,"D:\\Magic_Software_Project\\movie_explorer_reactjs_shruti\\src\\components\\MovieCard.tsx": {"path":"D:\\Magic_Software_Project\\movie_explorer_reactjs_shruti\\src\\components\\MovieCard.tsx","statementMap":{"0":{"start":{"line":2,"column":0},"end":{"line":2,"column":47}},"1":{"start":{"line":3,"column":0},"end":{"line":3,"column":53}},"2":{"start":{"line":4,"column":0},"end":{"line":4,"column":56}},"3":{"start":{"line":5,"column":0},"end":{"line":5,"column":39}},"4":{"start":{"line":19,"column":50},"end":{"line":120,"column":1}},"5":{"start":{"line":29,"column":19},"end":{"line":29,"column":32}},"6":{"start":{"line":30,"column":19},"end":{"line":30,"column":51}},"7":{"start":{"line":32,"column":30},"end":{"line":38,"column":3}},"8":{"start":{"line":33,"column":4},"end":{"line":37,"column":5}},"9":{"start":{"line":34,"column":6},"end":{"line":34,"column":28}},"10":{"start":{"line":36,"column":6},"end":{"line":36,"column":31}},"11":{"start":{"line":40,"column":33},"end":{"line":44,"column":3}},"12":{"start":{"line":41,"column":4},"end":{"line":43,"column":7}},"13":{"start":{"line":46,"column":22},"end":{"line":54,"column":3}},"14":{"start":{"line":47,"column":4},"end":{"line":53,"column":5}},"15":{"start":{"line":48,"column":6},"end":{"line":50,"column":9}},"16":{"start":{"line":52,"column":6},"end":{"line":52,"column":32}},"17":{"start":{"line":56,"column":21},"end":{"line":59,"column":3}},"18":{"start":{"line":57,"column":4},"end":{"line":57,"column":24}},"19":{"start":{"line":58,"column":4},"end":{"line":58,"column":35}},"20":{"start":{"line":61,"column":23},"end":{"line":71,"column":4}},"21":{"start":{"line":61,"column":53},"end":{"line":71,"column":4}},"22":{"start":{"line":62,"column":4},"end":{"line":62,"column":24}},"23":{"start":{"line":63,"column":4},"end":{"line":70,"column":5}},"24":{"start":{"line":64,"column":6},"end":{"line":64,"column":28}},"25":{"start":{"line":65,"column":6},"end":{"line":65,"column":50}},"26":{"start":{"line":66,"column":6},"end":{"line":66,"column":31}},"27":{"start":{"line":68,"column":6},"end":{"line":68,"column":52}},"28":{"start":{"line":69,"column":6},"end":{"line":69,"column":44}},"29":{"start":{"line":73,"column":2},"end":{"line":119,"column":4}},"30":{"start":{"line":122,"column":0},"end":{"line":122,"column":25}}},"fnMap":{"0":{"name":"(anonymous_7)","decl":{"start":{"line":19,"column":50},"end":{"line":19,"column":51}},"loc":{"start":{"line":28,"column":5},"end":{"line":120,"column":1}}},"1":{"name":"(anonymous_8)","decl":{"start":{"line":32,"column":30},"end":{"line":32,"column":33}},"loc":{"start":{"line":32,"column":35},"end":{"line":38,"column":3}}},"2":{"name":"(anonymous_9)","decl":{"start":{"line":40,"column":33},"end":{"line":40,"column":36}},"loc":{"start":{"line":40,"column":38},"end":{"line":44,"column":3}}},"3":{"name":"(anonymous_10)","decl":{"start":{"line":46,"column":22},"end":{"line":46,"column":25}},"loc":{"start":{"line":46,"column":27},"end":{"line":54,"column":3}}},"4":{"name":"(anonymous_11)","decl":{"start":{"line":56,"column":21},"end":{"line":56,"column":22}},"loc":{"start":{"line":56,"column":45},"end":{"line":59,"column":3}}},"5":{"name":"(anonymous_12)","decl":{"start":{"line":61,"column":23},"end":{"line":61,"column":30}},"loc":{"start":{"line":61,"column":53},"end":{"line":71,"column":4}}},"6":{"name":"(anonymous_13)","decl":{"start":{"line":61,"column":53},"end":{"line":61,"column":null}},"loc":{"start":{"line":61,"column":53},"end":{"line":71,"column":3}}}},"branchMap":{"0":{"loc":{"start":{"line":33,"column":4},"end":{"line":37,"column":5}},"type":"if","locations":[{"start":{"line":33,"column":4},"end":{"line":37,"column":5}},{"start":{"line":35,"column":11},"end":{"line":37,"column":5}}]},"1":{"loc":{"start":{"line":47,"column":4},"end":{"line":53,"column":5}},"type":"if","locations":[{"start":{"line":47,"column":4},"end":{"line":53,"column":5}},{"start":{"line":51,"column":11},"end":{"line":53,"column":5}}]},"2":{"loc":{"start":{"line":47,"column":8},"end":{"line":47,"column":45}},"type":"binary-expr","locations":[{"start":{"line":47,"column":8},"end":{"line":47,"column":19}},{"start":{"line":47,"column":23},"end":{"line":47,"column":45}}]},"3":{"loc":{"start":{"line":84,"column":9},"end":{"line":90,"column":null}},"type":"binary-expr","locations":[{"start":{"line":84,"column":9},"end":{"line":84,"column":28}},{"start":{"line":85,"column":12},"end":{"line":89,"column":null}}]},"4":{"loc":{"start":{"line":92,"column":9},"end":{"line":108,"column":null}},"type":"binary-expr","locations":[{"start":{"line":92,"column":9},"end":{"line":92,"column":30}},{"start":{"line":93,"column":10},"end":{"line":107,"column":null}}]}},"s":{"0":1,"1":1,"2":1,"3":1,"4":1,"5":10,"6":10,"7":10,"8":0,"9":0,"10":0,"11":10,"12":0,"13":10,"14":3,"15":2,"16":1,"17":10,"18":2,"19":2,"20":10,"21":2,"22":2,"23":2,"24":2,"25":1,"26":1,"27":1,"28":1,"29":10,"30":1},"f":{"0":10,"1":0,"2":0,"3":3,"4":2,"5":2,"6":2},"b":{"0":[0,0],"1":[2,1],"2":[3,2],"3":[10,3],"4":[10,5]}}
,"D:\\Magic_Software_Project\\movie_explorer_reactjs_shruti\\src\\components\\SearchBar.tsx": {"path":"D:\\Magic_Software_Project\\movie_explorer_reactjs_shruti\\src\\components\\SearchBar.tsx","statementMap":{"0":{"start":{"line":2,"column":0},"end":{"line":2,"column":42}},"1":{"start":{"line":9,"column":44},"end":{"line":26,"column":1}},"2":{"start":{"line":10,"column":2},"end":{"line":25,"column":4}},"3":{"start":{"line":17,"column":27},"end":{"line":17,"column":56}},"4":{"start":{"line":28,"column":0},"end":{"line":28,"column":25}}},"fnMap":{"0":{"name":"(anonymous_0)","decl":{"start":{"line":9,"column":44},"end":{"line":9,"column":45}},"loc":{"start":{"line":9,"column":78},"end":{"line":26,"column":1}}},"1":{"name":"(anonymous_1)","decl":{"start":{"line":17,"column":20},"end":{"line":17,"column":21}},"loc":{"start":{"line":17,"column":27},"end":{"line":17,"column":56}}}},"branchMap":{},"s":{"0":1,"1":1,"2":5,"3":1,"4":1},"f":{"0":5,"1":1},"b":{}}
,"D:\\Magic_Software_Project\\movie_explorer_reactjs_shruti\\src\\components\\header.tsx": {"path":"D:\\Magic_Software_Project\\movie_explorer_reactjs_shruti\\src\\components\\header.tsx","statementMap":{"0":{"start":{"line":1,"column":0},"end":{"line":1,"column":51}},"1":{"start":{"line":2,"column":0},"end":{"line":2,"column":40}},"2":{"start":{"line":3,"column":0},"end":{"line":3,"column":49}},"3":{"start":{"line":4,"column":0},"end":{"line":4,"column":47}},"4":{"start":{"line":5,"column":0},"end":{"line":5,"column":39}},"5":{"start":{"line":7,"column":25},"end":{"line":267,"column":1}},"6":{"start":{"line":8,"column":46},"end":{"line":8,"column":61}},"7":{"start":{"line":9,"column":48},"end":{"line":9,"column":63}},"8":{"start":{"line":10,"column":26},"end":{"line":10,"column":80}},"9":{"start":{"line":12,"column":19},"end":{"line":12,"column":32}},"10":{"start":{"line":14,"column":2},"end":{"line":19,"column":9}},"11":{"start":{"line":15,"column":23},"end":{"line":15,"column":51}},"12":{"start":{"line":16,"column":4},"end":{"line":18,"column":5}},"13":{"start":{"line":17,"column":6},"end":{"line":17,"column":38}},"14":{"start":{"line":21,"column":27},"end":{"line":21,"column":67}},"15":{"start":{"line":21,"column":33},"end":{"line":21,"column":67}},"16":{"start":{"line":21,"column":61},"end":{"line":21,"column":66}},"17":{"start":{"line":22,"column":28},"end":{"line":22,"column":69}},"18":{"start":{"line":22,"column":34},"end":{"line":22,"column":69}},"19":{"start":{"line":22,"column":63},"end":{"line":22,"column":68}},"20":{"start":{"line":24,"column":31},"end":{"line":24,"column":62}},"21":{"start":{"line":24,"column":37},"end":{"line":24,"column":62}},"22":{"start":{"line":25,"column":23},"end":{"line":30,"column":3}},"23":{"start":{"line":26,"column":4},"end":{"line":26,"column":37}},"24":{"start":{"line":27,"column":4},"end":{"line":27,"column":36}},"25":{"start":{"line":28,"column":4},"end":{"line":28,"column":40}},"26":{"start":{"line":29,"column":4},"end":{"line":29,"column":18}},"27":{"start":{"line":32,"column":29},"end":{"line":32,"column":58}},"28":{"start":{"line":32,"column":35},"end":{"line":32,"column":58}},"29":{"start":{"line":33,"column":28},"end":{"line":33,"column":52}},"30":{"start":{"line":33,"column":34},"end":{"line":33,"column":52}},"31":{"start":{"line":34,"column":32},"end":{"line":34,"column":60}},"32":{"start":{"line":34,"column":38},"end":{"line":34,"column":60}},"33":{"start":{"line":35,"column":25},"end":{"line":35,"column":53}},"34":{"start":{"line":35,"column":31},"end":{"line":35,"column":53}},"35":{"start":{"line":37,"column":2},"end":{"line":266,"column":4}},"36":{"start":{"line":240,"column":12},"end":{"line":241,"column":null}},"37":{"start":{"line":269,"column":0},"end":{"line":269,"column":22}}},"fnMap":{"0":{"name":"(anonymous_0)","decl":{"start":{"line":7,"column":25},"end":{"line":7,"column":28}},"loc":{"start":{"line":7,"column":30},"end":{"line":267,"column":1}}},"1":{"name":"(anonymous_1)","decl":{"start":{"line":14,"column":12},"end":{"line":14,"column":15}},"loc":{"start":{"line":14,"column":17},"end":{"line":19,"column":3}}},"2":{"name":"(anonymous_2)","decl":{"start":{"line":21,"column":27},"end":{"line":21,"column":30}},"loc":{"start":{"line":21,"column":33},"end":{"line":21,"column":67}}},"3":{"name":"(anonymous_3)","decl":{"start":{"line":21,"column":51},"end":{"line":21,"column":52}},"loc":{"start":{"line":21,"column":61},"end":{"line":21,"column":66}}},"4":{"name":"(anonymous_4)","decl":{"start":{"line":22,"column":28},"end":{"line":22,"column":31}},"loc":{"start":{"line":22,"column":34},"end":{"line":22,"column":69}}},"5":{"name":"(anonymous_5)","decl":{"start":{"line":22,"column":53},"end":{"line":22,"column":54}},"loc":{"start":{"line":22,"column":63},"end":{"line":22,"column":68}}},"6":{"name":"(anonymous_6)","decl":{"start":{"line":24,"column":31},"end":{"line":24,"column":34}},"loc":{"start":{"line":24,"column":37},"end":{"line":24,"column":62}}},"7":{"name":"(anonymous_7)","decl":{"start":{"line":25,"column":23},"end":{"line":25,"column":26}},"loc":{"start":{"line":25,"column":28},"end":{"line":30,"column":3}}},"8":{"name":"(anonymous_8)","decl":{"start":{"line":32,"column":29},"end":{"line":32,"column":32}},"loc":{"start":{"line":32,"column":35},"end":{"line":32,"column":58}}},"9":{"name":"(anonymous_9)","decl":{"start":{"line":33,"column":28},"end":{"line":33,"column":31}},"loc":{"start":{"line":33,"column":34},"end":{"line":33,"column":52}}},"10":{"name":"(anonymous_10)","decl":{"start":{"line":34,"column":32},"end":{"line":34,"column":35}},"loc":{"start":{"line":34,"column":38},"end":{"line":34,"column":60}}},"11":{"name":"(anonymous_11)","decl":{"start":{"line":35,"column":25},"end":{"line":35,"column":28}},"loc":{"start":{"line":35,"column":31},"end":{"line":35,"column":53}}},"12":{"name":"(anonymous_12)","decl":{"start":{"line":234,"column":40},"end":{"line":234,"column":43}},"loc":{"start":{"line":234,"column":45},"end":{"line":234,"column":48}}},"13":{"name":"(anonymous_13)","decl":{"start":{"line":239,"column":16},"end":{"line":239,"column":17}},"loc":{"start":{"line":240,"column":12},"end":{"line":241,"column":null}}}},"branchMap":{"0":{"loc":{"start":{"line":16,"column":4},"end":{"line":18,"column":5}},"type":"if","locations":[{"start":{"line":16,"column":4},"end":{"line":18,"column":5}}]},"1":{"loc":{"start":{"line":98,"column":13},"end":{"line":108,"column":null}},"type":"binary-expr","locations":[{"start":{"line":98,"column":13},"end":{"line":98,"column":40}},{"start":{"line":99,"column":14},"end":{"line":105,"column":null}}]},"2":{"loc":{"start":{"line":98,"column":13},"end":{"line":98,"column":23}},"type":"cond-expr","locations":[{"start":{"line":98,"column":17},"end":{"line":98,"column":19}},{"start":{"line":98,"column":13},"end":{"line":98,"column":23}}]},"3":{"loc":{"start":{"line":98,"column":13},"end":{"line":98,"column":19}},"type":"binary-expr","locations":[{"start":{"line":98,"column":13},"end":{"line":98,"column":19}},{"start":{"line":98,"column":13},"end":{"line":98,"column":19}}]},"4":{"loc":{"start":{"line":117,"column":15},"end":{"line":146,"column":null}},"type":"binary-expr","locations":[{"start":{"line":117,"column":15},"end":{"line":117,"column":30}},{"start":{"line":118,"column":16},"end":{"line":145,"column":null}}]},"5":{"loc":{"start":{"line":130,"column":30},"end":{"line":130,"column":51}},"type":"binary-expr","locations":[{"start":{"line":130,"column":30},"end":{"line":130,"column":40}},{"start":{"line":130,"column":44},"end":{"line":130,"column":51}}]},"6":{"loc":{"start":{"line":130,"column":30},"end":{"line":130,"column":40}},"type":"cond-expr","locations":[{"start":{"line":130,"column":34},"end":{"line":130,"column":36}},{"start":{"line":130,"column":30},"end":{"line":130,"column":40}}]},"7":{"loc":{"start":{"line":130,"column":30},"end":{"line":130,"column":36}},"type":"binary-expr","locations":[{"start":{"line":130,"column":30},"end":{"line":130,"column":36}},{"start":{"line":130,"column":30},"end":{"line":130,"column":36}}]},"8":{"loc":{"start":{"line":132,"column":59},"end":{"line":132,"column":70}},"type":"cond-expr","locations":[{"start":{"line":132,"column":63},"end":{"line":132,"column":65}},{"start":{"line":132,"column":59},"end":{"line":132,"column":70}}]},"9":{"loc":{"start":{"line":132,"column":59},"end":{"line":132,"column":65}},"type":"binary-expr","locations":[{"start":{"line":132,"column":59},"end":{"line":132,"column":65}},{"start":{"line":132,"column":59},"end":{"line":132,"column":65}}]},"10":{"loc":{"start":{"line":175,"column":13},"end":{"line":204,"column":null}},"type":"binary-expr","locations":[{"start":{"line":175,"column":13},"end":{"line":175,"column":28}},{"start":{"line":176,"column":14},"end":{"line":203,"column":null}}]},"11":{"loc":{"start":{"line":188,"column":28},"end":{"line":188,"column":49}},"type":"binary-expr","locations":[{"start":{"line":188,"column":28},"end":{"line":188,"column":38}},{"start":{"line":188,"column":42},"end":{"line":188,"column":49}}]},"12":{"loc":{"start":{"line":188,"column":28},"end":{"line":188,"column":38}},"type":"cond-expr","locations":[{"start":{"line":188,"column":32},"end":{"line":188,"column":34}},{"start":{"line":188,"column":28},"end":{"line":188,"column":38}}]},"13":{"loc":{"start":{"line":188,"column":28},"end":{"line":188,"column":34}},"type":"binary-expr","locations":[{"start":{"line":188,"column":28},"end":{"line":188,"column":34}},{"start":{"line":188,"column":28},"end":{"line":188,"column":34}}]},"14":{"loc":{"start":{"line":190,"column":57},"end":{"line":190,"column":68}},"type":"cond-expr","locations":[{"start":{"line":190,"column":61},"end":{"line":190,"column":63}},{"start":{"line":190,"column":57},"end":{"line":190,"column":68}}]},"15":{"loc":{"start":{"line":190,"column":57},"end":{"line":190,"column":63}},"type":"binary-expr","locations":[{"start":{"line":190,"column":57},"end":{"line":190,"column":63}},{"start":{"line":190,"column":57},"end":{"line":190,"column":63}}]},"16":{"loc":{"start":{"line":207,"column":13},"end":{"line":218,"column":null}},"type":"cond-expr","locations":[{"start":{"line":208,"column":14},"end":{"line":211,"column":null}},{"start":{"line":214,"column":14},"end":{"line":217,"column":null}}]},"17":{"loc":{"start":{"line":223,"column":7},"end":{"line":263,"column":null}},"type":"binary-expr","locations":[{"start":{"line":223,"column":7},"end":{"line":223,"column":21}},{"start":{"line":224,"column":8},"end":{"line":262,"column":null}}]},"18":{"loc":{"start":{"line":236,"column":16},"end":{"line":238,"column":18}},"type":"cond-expr","locations":[{"start":{"line":237,"column":16},"end":{"line":237,"column":72}},{"start":{"line":238,"column":16},"end":{"line":238,"column":18}}]},"19":{"loc":{"start":{"line":236,"column":16},"end":{"line":236,"column":26}},"type":"cond-expr","locations":[{"start":{"line":236,"column":20},"end":{"line":236,"column":22}},{"start":{"line":236,"column":16},"end":{"line":236,"column":26}}]},"20":{"loc":{"start":{"line":236,"column":16},"end":{"line":236,"column":22}},"type":"binary-expr","locations":[{"start":{"line":236,"column":16},"end":{"line":236,"column":22}},{"start":{"line":236,"column":16},"end":{"line":236,"column":22}}]}},"s":{"0":1,"1":1,"2":1,"3":1,"4":1,"5":1,"6":20,"7":20,"8":20,"9":20,"10":20,"11":14,"12":14,"13":2,"14":20,"15":3,"16":3,"17":20,"18":1,"19":1,"20":20,"21":2,"22":20,"23":0,"24":0,"25":0,"26":0,"27":20,"28":1,"29":20,"30":0,"31":20,"32":0,"33":20,"34":3,"35":20,"36":8,"37":1},"f":{"0":20,"1":14,"2":3,"3":3,"4":1,"5":1,"6":2,"7":0,"8":1,"9":0,"10":0,"11":3,"12":0,"13":8},"b":{"0":[2],"1":[20,2],"2":[18,2],"3":[20,2],"4":[20,1],"5":[1,1],"6":[1,0],"7":[1,0],"8":[1,0],"9":[1,0],"10":[20,1],"11":[1,1],"12":[1,0],"13":[1,0],"14":[1,0],"15":[1,0],"16":[2,18],"17":[20,2],"18":[0,2],"19":[2,0],"20":[2,0]}}
,"D:\\Magic_Software_Project\\movie_explorer_reactjs_shruti\\src\\pages\\AllMovies.tsx": {"path":"D:\\Magic_Software_Project\\movie_explorer_reactjs_shruti\\src\\pages\\AllMovies.tsx","statementMap":{"0":{"start":{"line":1,"column":0},"end":{"line":1,"column":51}},"1":{"start":{"line":2,"column":0},"end":{"line":2,"column":100}},"2":{"start":{"line":3,"column":0},"end":{"line":3,"column":48}},"3":{"start":{"line":4,"column":0},"end":{"line":4,"column":42}},"4":{"start":{"line":5,"column":0},"end":{"line":5,"column":42}},"5":{"start":{"line":6,"column":0},"end":{"line":6,"column":39}},"6":{"start":{"line":7,"column":0},"end":{"line":7,"column":48}},"7":{"start":{"line":8,"column":0},"end":{"line":8,"column":51}},"8":{"start":{"line":20,"column":28},"end":{"line":133,"column":1}},"9":{"start":{"line":21,"column":42},"end":{"line":21,"column":59}},"10":{"start":{"line":22,"column":22},"end":{"line":22,"column":67}},"11":{"start":{"line":23,"column":26},"end":{"line":23,"column":55}},"12":{"start":{"line":24,"column":30},"end":{"line":24,"column":51}},"13":{"start":{"line":25,"column":40},"end":{"line":25,"column":61}},"14":{"start":{"line":26,"column":38},"end":{"line":26,"column":49}},"15":{"start":{"line":27,"column":38},"end":{"line":27,"column":50}},"16":{"start":{"line":28,"column":56},"end":{"line":28,"column":68}},"17":{"start":{"line":30,"column":2},"end":{"line":36,"column":19}},"18":{"start":{"line":31,"column":18},"end":{"line":33,"column":11}},"19":{"start":{"line":32,"column":6},"end":{"line":32,"column":41}},"20":{"start":{"line":35,"column":4},"end":{"line":35,"column":37}},"21":{"start":{"line":35,"column":17},"end":{"line":35,"column":36}},"22":{"start":{"line":38,"column":2},"end":{"line":44,"column":41}},"23":{"start":{"line":39,"column":4},"end":{"line":43,"column":5}},"24":{"start":{"line":40,"column":6},"end":{"line":40,"column":40}},"25":{"start":{"line":42,"column":6},"end":{"line":42,"column":31}},"26":{"start":{"line":46,"column":22},"end":{"line":52,"column":4}},"27":{"start":{"line":46,"column":45},"end":{"line":52,"column":4}},"28":{"start":{"line":47,"column":17},"end":{"line":47,"column":65}},"29":{"start":{"line":48,"column":4},"end":{"line":48,"column":24}},"30":{"start":{"line":49,"column":17},"end":{"line":49,"column":51}},"31":{"start":{"line":50,"column":4},"end":{"line":50,"column":27}},"32":{"start":{"line":51,"column":4},"end":{"line":51,"column":47}},"33":{"start":{"line":54,"column":23},"end":{"line":63,"column":4}},"34":{"start":{"line":54,"column":47},"end":{"line":63,"column":4}},"35":{"start":{"line":55,"column":4},"end":{"line":62,"column":5}},"36":{"start":{"line":56,"column":22},"end":{"line":56,"column":50}},"37":{"start":{"line":57,"column":6},"end":{"line":57,"column":25}},"38":{"start":{"line":58,"column":6},"end":{"line":58,"column":23}},"39":{"start":{"line":60,"column":6},"end":{"line":60,"column":52}},"40":{"start":{"line":61,"column":6},"end":{"line":61,"column":20}},"41":{"start":{"line":64,"column":27},"end":{"line":67,"column":3}},"42":{"start":{"line":65,"column":4},"end":{"line":65,"column":25}},"43":{"start":{"line":66,"column":4},"end":{"line":66,"column":47}},"44":{"start":{"line":69,"column":2},"end":{"line":132,"column":4}},"45":{"start":{"line":86,"column":12},"end":{"line":86,"column":39}},"46":{"start":{"line":103,"column":29},"end":{"line":103,"column":75}},"47":{"start":{"line":111,"column":14},"end":{"line":112,"column":null}},"48":{"start":{"line":113,"column":31},"end":{"line":113,"column":54}},"49":{"start":{"line":121,"column":29},"end":{"line":121,"column":84}},"50":{"start":{"line":135,"column":0},"end":{"line":135,"column":25}}},"fnMap":{"0":{"name":"(anonymous_8)","decl":{"start":{"line":20,"column":28},"end":{"line":20,"column":31}},"loc":{"start":{"line":20,"column":33},"end":{"line":133,"column":1}}},"1":{"name":"(anonymous_9)","decl":{"start":{"line":30,"column":12},"end":{"line":30,"column":15}},"loc":{"start":{"line":30,"column":17},"end":{"line":36,"column":3}}},"2":{"name":"(anonymous_10)","decl":{"start":{"line":31,"column":29},"end":{"line":31,"column":32}},"loc":{"start":{"line":31,"column":34},"end":{"line":33,"column":5}}},"3":{"name":"(anonymous_11)","decl":{"start":{"line":35,"column":11},"end":{"line":35,"column":14}},"loc":{"start":{"line":35,"column":17},"end":{"line":35,"column":36}}},"4":{"name":"(anonymous_12)","decl":{"start":{"line":38,"column":12},"end":{"line":38,"column":15}},"loc":{"start":{"line":38,"column":17},"end":{"line":44,"column":3}}},"5":{"name":"(anonymous_13)","decl":{"start":{"line":46,"column":22},"end":{"line":46,"column":29}},"loc":{"start":{"line":46,"column":45},"end":{"line":52,"column":4}}},"6":{"name":"(anonymous_14)","decl":{"start":{"line":46,"column":45},"end":{"line":46,"column":null}},"loc":{"start":{"line":46,"column":45},"end":{"line":52,"column":3}}},"7":{"name":"(anonymous_15)","decl":{"start":{"line":54,"column":23},"end":{"line":54,"column":30}},"loc":{"start":{"line":54,"column":47},"end":{"line":63,"column":4}}},"8":{"name":"(anonymous_16)","decl":{"start":{"line":54,"column":47},"end":{"line":54,"column":null}},"loc":{"start":{"line":54,"column":47},"end":{"line":63,"column":3}}},"9":{"name":"(anonymous_17)","decl":{"start":{"line":64,"column":27},"end":{"line":64,"column":28}},"loc":{"start":{"line":64,"column":44},"end":{"line":67,"column":3}}},"10":{"name":"(anonymous_18)","decl":{"start":{"line":85,"column":22},"end":{"line":85,"column":23}},"loc":{"start":{"line":86,"column":12},"end":{"line":86,"column":39}}},"11":{"name":"(anonymous_19)","decl":{"start":{"line":103,"column":23},"end":{"line":103,"column":26}},"loc":{"start":{"line":103,"column":29},"end":{"line":103,"column":75}}},"12":{"name":"(anonymous_20)","decl":{"start":{"line":110,"column":40},"end":{"line":110,"column":41}},"loc":{"start":{"line":111,"column":14},"end":{"line":112,"column":null}}},"13":{"name":"(anonymous_21)","decl":{"start":{"line":113,"column":25},"end":{"line":113,"column":28}},"loc":{"start":{"line":113,"column":31},"end":{"line":113,"column":54}}},"14":{"name":"(anonymous_22)","decl":{"start":{"line":121,"column":23},"end":{"line":121,"column":26}},"loc":{"start":{"line":121,"column":29},"end":{"line":121,"column":84}}}},"branchMap":{"0":{"loc":{"start":{"line":22,"column":31},"end":{"line":22,"column":62}},"type":"binary-expr","locations":[{"start":{"line":22,"column":31},"end":{"line":22,"column":55}},{"start":{"line":22,"column":59},"end":{"line":22,"column":62}}]},"1":{"loc":{"start":{"line":39,"column":4},"end":{"line":43,"column":5}},"type":"if","locations":[{"start":{"line":39,"column":4},"end":{"line":43,"column":5}},{"start":{"line":41,"column":11},"end":{"line":43,"column":5}}]},"2":{"loc":{"start":{"line":47,"column":28},"end":{"line":47,"column":64}},"type":"binary-expr","locations":[{"start":{"line":47,"column":28},"end":{"line":47,"column":56}},{"start":{"line":47,"column":60},"end":{"line":47,"column":64}}]},"3":{"loc":{"start":{"line":48,"column":12},"end":{"line":48,"column":22}},"type":"cond-expr","locations":[{"start":{"line":48,"column":16},"end":{"line":48,"column":18}},{"start":{"line":48,"column":12},"end":{"line":48,"column":22}}]},"4":{"loc":{"start":{"line":48,"column":12},"end":{"line":48,"column":18}},"type":"binary-expr","locations":[{"start":{"line":48,"column":12},"end":{"line":48,"column":18}},{"start":{"line":48,"column":12},"end":{"line":48,"column":18}}]},"5":{"loc":{"start":{"line":94,"column":22},"end":{"line":94,"column":39}},"type":"binary-expr","locations":[{"start":{"line":94,"column":22},"end":{"line":94,"column":26}},{"start":{"line":94,"column":30},"end":{"line":94,"column":39}}]},"6":{"loc":{"start":{"line":100,"column":9},"end":{"line":127,"column":null}},"type":"binary-expr","locations":[{"start":{"line":100,"column":9},"end":{"line":100,"column":29}},{"start":{"line":101,"column":10},"end":{"line":126,"column":null}}]},"7":{"loc":{"start":{"line":105,"column":46},"end":{"line":105,"column":160}},"type":"cond-expr","locations":[{"start":{"line":105,"column":66},"end":{"line":105,"column":112}},{"start":{"line":105,"column":115},"end":{"line":105,"column":160}}]},"8":{"loc":{"start":{"line":114,"column":48},"end":{"line":114,"column":143}},"type":"cond-expr","locations":[{"start":{"line":114,"column":72},"end":{"line":114,"column":95}},{"start":{"line":114,"column":98},"end":{"line":114,"column":143}}]},"9":{"loc":{"start":{"line":123,"column":46},"end":{"line":123,"column":169}},"type":"cond-expr","locations":[{"start":{"line":123,"column":75},"end":{"line":123,"column":121}},{"start":{"line":123,"column":124},"end":{"line":123,"column":169}}]}},"s":{"0":1,"1":1,"2":1,"3":1,"4":1,"5":1,"6":1,"7":1,"8":1,"9":33,"10":33,"11":33,"12":33,"13":33,"14":33,"15":33,"16":33,"17":33,"18":10,"19":2,"20":10,"21":10,"22":33,"23":12,"24":2,"25":10,"26":33,"27":10,"28":10,"29":10,"30":10,"31":10,"32":10,"33":33,"34":2,"35":2,"36":2,"37":2,"38":2,"39":0,"40":0,"41":33,"42":2,"43":2,"44":33,"45":121,"46":0,"47":42,"48":2,"49":0,"50":1},"f":{"0":33,"1":10,"2":2,"3":10,"4":12,"5":10,"6":10,"7":2,"8":2,"9":2,"10":121,"11":0,"12":42,"13":2,"14":0},"b":{"0":[33,31],"1":[2,10],"2":[10,0],"3":[0,10],"4":[10,10],"5":[121,0],"6":[33,30],"7":[24,6],"8":[30,12],"9":[24,6]}}
,"D:\\Magic_Software_Project\\movie_explorer_reactjs_shruti\\src\\pages\\Dashboard.tsx": {"path":"D:\\Magic_Software_Project\\movie_explorer_reactjs_shruti\\src\\pages\\Dashboard.tsx","statementMap":{"0":{"start":{"line":1,"column":0},"end":{"line":1,"column":41}},"1":{"start":{"line":2,"column":0},"end":{"line":2,"column":42}},"2":{"start":{"line":3,"column":0},"end":{"line":3,"column":42}},"3":{"start":{"line":4,"column":0},"end":{"line":4,"column":52}},"4":{"start":{"line":5,"column":0},"end":{"line":5,"column":42}},"5":{"start":{"line":6,"column":0},"end":{"line":6,"column":56}},"6":{"start":{"line":7,"column":0},"end":{"line":7,"column":56}},"7":{"start":{"line":8,"column":0},"end":{"line":8,"column":40}},"8":{"start":{"line":9,"column":0},"end":{"line":9,"column":47}},"9":{"start":{"line":10,"column":0},"end":{"line":10,"column":72}},"10":{"start":{"line":11,"column":0},"end":{"line":11,"column":39}},"11":{"start":{"line":13,"column":28},"end":{"line":75,"column":1}},"12":{"start":{"line":14,"column":19},"end":{"line":14,"column":32}},"13":{"start":{"line":16,"column":2},"end":{"line":31,"column":9}},"14":{"start":{"line":17,"column":36},"end":{"line":28,"column":6}},"15":{"start":{"line":17,"column":47},"end":{"line":28,"column":6}},"16":{"start":{"line":18,"column":20},"end":{"line":18,"column":49}},"17":{"start":{"line":19,"column":6},"end":{"line":19,"column":35}},"18":{"start":{"line":20,"column":6},"end":{"line":27,"column":7}},"19":{"start":{"line":21,"column":25},"end":{"line":21,"column":65}},"20":{"start":{"line":22,"column":25},"end":{"line":22,"column":33}},"21":{"start":{"line":23,"column":8},"end":{"line":23,"column":61}},"22":{"start":{"line":25,"column":8},"end":{"line":25,"column":68}},"23":{"start":{"line":26,"column":8},"end":{"line":26,"column":60}},"24":{"start":{"line":30,"column":4},"end":{"line":30,"column":30}},"25":{"start":{"line":34,"column":27},"end":{"line":36,"column":3}},"26":{"start":{"line":35,"column":4},"end":{"line":35,"column":23}},"27":{"start":{"line":38,"column":2},"end":{"line":74,"column":4}},"28":{"start":{"line":77,"column":0},"end":{"line":77,"column":25}}},"fnMap":{"0":{"name":"(anonymous_8)","decl":{"start":{"line":13,"column":28},"end":{"line":13,"column":31}},"loc":{"start":{"line":13,"column":33},"end":{"line":75,"column":1}}},"1":{"name":"(anonymous_9)","decl":{"start":{"line":16,"column":12},"end":{"line":16,"column":15}},"loc":{"start":{"line":16,"column":17},"end":{"line":31,"column":3}}},"2":{"name":"(anonymous_10)","decl":{"start":{"line":17,"column":36},"end":{"line":17,"column":45}},"loc":{"start":{"line":17,"column":47},"end":{"line":28,"column":6}}},"3":{"name":"(anonymous_11)","decl":{"start":{"line":17,"column":47},"end":{"line":17,"column":null}},"loc":{"start":{"line":17,"column":47},"end":{"line":28,"column":5}}},"4":{"name":"(anonymous_12)","decl":{"start":{"line":34,"column":27},"end":{"line":34,"column":30}},"loc":{"start":{"line":34,"column":32},"end":{"line":36,"column":3}}},"5":{"name":"(anonymous_13)","decl":{"start":{"line":63,"column":26},"end":{"line":63,"column":27}},"loc":{"start":{"line":63,"column":44},"end":{"line":64,"column":13}}}},"branchMap":{"0":{"loc":{"start":{"line":21,"column":53},"end":{"line":21,"column":64}},"type":"binary-expr","locations":[{"start":{"line":21,"column":53},"end":{"line":21,"column":58}},{"start":{"line":21,"column":62},"end":{"line":21,"column":64}}]}},"s":{"0":1,"1":1,"2":1,"3":1,"4":1,"5":1,"6":1,"7":1,"8":1,"9":1,"10":1,"11":1,"12":10,"13":10,"14":9,"15":9,"16":9,"17":9,"18":9,"19":9,"20":8,"21":8,"22":1,"23":1,"24":9,"25":10,"26":1,"27":10,"28":1},"f":{"0":10,"1":9,"2":9,"3":9,"4":1,"5":1},"b":{"0":[9,8]}}
,"D:\\Magic_Software_Project\\movie_explorer_reactjs_shruti\\src\\pages\\GenreSection.tsx": {"path":"D:\\Magic_Software_Project\\movie_explorer_reactjs_shruti\\src\\pages\\GenreSection.tsx","statementMap":{"0":{"start":{"line":1,"column":0},"end":{"line":1,"column":51}},"1":{"start":{"line":2,"column":0},"end":{"line":2,"column":40}},"2":{"start":{"line":3,"column":0},"end":{"line":3,"column":42}},"3":{"start":{"line":4,"column":0},"end":{"line":4,"column":42}},"4":{"start":{"line":5,"column":0},"end":{"line":5,"column":84}},"5":{"start":{"line":6,"column":0},"end":{"line":6,"column":48}},"6":{"start":{"line":7,"column":0},"end":{"line":7,"column":39}},"7":{"start":{"line":18,"column":31},"end":{"line":165,"column":1}},"8":{"start":{"line":19,"column":30},"end":{"line":19,"column":51}},"9":{"start":{"line":20,"column":40},"end":{"line":20,"column":59}},"10":{"start":{"line":21,"column":38},"end":{"line":21,"column":57}},"11":{"start":{"line":22,"column":44},"end":{"line":22,"column":73}},"12":{"start":{"line":23,"column":28},"end":{"line":23,"column":57}},"13":{"start":{"line":25,"column":22},"end":{"line":35,"column":4}},"14":{"start":{"line":25,"column":45},"end":{"line":35,"column":4}},"15":{"start":{"line":26,"column":4},"end":{"line":34,"column":5}},"16":{"start":{"line":27,"column":20},"end":{"line":27,"column":68}},"17":{"start":{"line":28,"column":4},"end":{"line":28,"column":24}},"18":{"start":{"line":29,"column":19},"end":{"line":29,"column":53}},"19":{"start":{"line":30,"column":6},"end":{"line":30,"column":29}},"20":{"start":{"line":31,"column":6},"end":{"line":31,"column":49}},"21":{"start":{"line":33,"column":6},"end":{"line":33,"column":57}},"22":{"start":{"line":37,"column":27},"end":{"line":47,"column":4}},"23":{"start":{"line":37,"column":51},"end":{"line":47,"column":4}},"24":{"start":{"line":38,"column":4},"end":{"line":46,"column":5}},"25":{"start":{"line":39,"column":20},"end":{"line":39,"column":68}},"26":{"start":{"line":40,"column":4},"end":{"line":40,"column":24}},"27":{"start":{"line":41,"column":24},"end":{"line":41,"column":53}},"28":{"start":{"line":42,"column":6},"end":{"line":42,"column":34}},"29":{"start":{"line":43,"column":6},"end":{"line":43,"column":30}},"30":{"start":{"line":45,"column":6},"end":{"line":45,"column":61}},"31":{"start":{"line":49,"column":27},"end":{"line":52,"column":3}},"32":{"start":{"line":50,"column":4},"end":{"line":50,"column":25}},"33":{"start":{"line":51,"column":4},"end":{"line":51,"column":27}},"34":{"start":{"line":54,"column":2},"end":{"line":58,"column":35}},"35":{"start":{"line":55,"column":4},"end":{"line":57,"column":5}},"36":{"start":{"line":56,"column":6},"end":{"line":56,"column":31}},"37":{"start":{"line":60,"column":33},"end":{"line":67,"column":4}},"38":{"start":{"line":69,"column":28},"end":{"line":72,"column":4}},"39":{"start":{"line":74,"column":2},"end":{"line":164,"column":4}},"40":{"start":{"line":102,"column":16},"end":{"line":102,"column":43}},"41":{"start":{"line":122,"column":31},"end":{"line":122,"column":64}},"42":{"start":{"line":133,"column":60},"end":{"line":133,"column":65}},"43":{"start":{"line":134,"column":16},"end":{"line":135,"column":null}},"44":{"start":{"line":136,"column":33},"end":{"line":136,"column":55}},"45":{"start":{"line":148,"column":31},"end":{"line":148,"column":64}},"46":{"start":{"line":167,"column":0},"end":{"line":167,"column":28}}},"fnMap":{"0":{"name":"(anonymous_8)","decl":{"start":{"line":18,"column":31},"end":{"line":18,"column":34}},"loc":{"start":{"line":18,"column":36},"end":{"line":165,"column":1}}},"1":{"name":"(anonymous_9)","decl":{"start":{"line":25,"column":22},"end":{"line":25,"column":29}},"loc":{"start":{"line":25,"column":45},"end":{"line":35,"column":4}}},"2":{"name":"(anonymous_10)","decl":{"start":{"line":25,"column":45},"end":{"line":25,"column":null}},"loc":{"start":{"line":25,"column":45},"end":{"line":35,"column":3}}},"3":{"name":"(anonymous_11)","decl":{"start":{"line":37,"column":27},"end":{"line":37,"column":34}},"loc":{"start":{"line":37,"column":51},"end":{"line":47,"column":4}}},"4":{"name":"(anonymous_12)","decl":{"start":{"line":37,"column":51},"end":{"line":37,"column":null}},"loc":{"start":{"line":37,"column":51},"end":{"line":47,"column":3}}},"5":{"name":"(anonymous_13)","decl":{"start":{"line":49,"column":27},"end":{"line":49,"column":28}},"loc":{"start":{"line":49,"column":44},"end":{"line":52,"column":3}}},"6":{"name":"(anonymous_14)","decl":{"start":{"line":54,"column":12},"end":{"line":54,"column":15}},"loc":{"start":{"line":54,"column":17},"end":{"line":58,"column":3}}},"7":{"name":"(anonymous_15)","decl":{"start":{"line":101,"column":26},"end":{"line":101,"column":27}},"loc":{"start":{"line":102,"column":16},"end":{"line":102,"column":43}}},"8":{"name":"(anonymous_16)","decl":{"start":{"line":122,"column":25},"end":{"line":122,"column":28}},"loc":{"start":{"line":122,"column":31},"end":{"line":122,"column":64}}},"9":{"name":"(anonymous_17)","decl":{"start":{"line":133,"column":50},"end":{"line":133,"column":51}},"loc":{"start":{"line":133,"column":60},"end":{"line":133,"column":65}}},"10":{"name":"(anonymous_18)","decl":{"start":{"line":133,"column":71},"end":{"line":133,"column":72}},"loc":{"start":{"line":134,"column":16},"end":{"line":135,"column":null}}},"11":{"name":"(anonymous_19)","decl":{"start":{"line":136,"column":27},"end":{"line":136,"column":30}},"loc":{"start":{"line":136,"column":33},"end":{"line":136,"column":55}}},"12":{"name":"(anonymous_20)","decl":{"start":{"line":148,"column":25},"end":{"line":148,"column":28}},"loc":{"start":{"line":148,"column":31},"end":{"line":148,"column":64}}}},"branchMap":{"0":{"loc":{"start":{"line":27,"column":31},"end":{"line":27,"column":67}},"type":"binary-expr","locations":[{"start":{"line":27,"column":31},"end":{"line":27,"column":59}},{"start":{"line":27,"column":63},"end":{"line":27,"column":67}}]},"1":{"loc":{"start":{"line":28,"column":12},"end":{"line":28,"column":22}},"type":"cond-expr","locations":[{"start":{"line":28,"column":16},"end":{"line":28,"column":18}},{"start":{"line":28,"column":12},"end":{"line":28,"column":22}}]},"2":{"loc":{"start":{"line":28,"column":12},"end":{"line":28,"column":18}},"type":"binary-expr","locations":[{"start":{"line":28,"column":12},"end":{"line":28,"column":18}},{"start":{"line":28,"column":12},"end":{"line":28,"column":18}}]},"3":{"loc":{"start":{"line":39,"column":31},"end":{"line":39,"column":67}},"type":"binary-expr","locations":[{"start":{"line":39,"column":31},"end":{"line":39,"column":59}},{"start":{"line":39,"column":63},"end":{"line":39,"column":67}}]},"4":{"loc":{"start":{"line":40,"column":12},"end":{"line":40,"column":22}},"type":"cond-expr","locations":[{"start":{"line":40,"column":16},"end":{"line":40,"column":18}},{"start":{"line":40,"column":12},"end":{"line":40,"column":22}}]},"5":{"loc":{"start":{"line":40,"column":12},"end":{"line":40,"column":18}},"type":"binary-expr","locations":[{"start":{"line":40,"column":12},"end":{"line":40,"column":18}},{"start":{"line":40,"column":12},"end":{"line":40,"column":18}}]},"6":{"loc":{"start":{"line":55,"column":4},"end":{"line":57,"column":5}},"type":"if","locations":[{"start":{"line":55,"column":4},"end":{"line":57,"column":5}}]},"7":{"loc":{"start":{"line":94,"column":11},"end":{"line":116,"column":null}},"type":"cond-expr","locations":[{"start":{"line":95,"column":12},"end":{"line":113,"column":null}},{"start":{"line":116,"column":12},"end":{"line":116,"column":77}}]},"8":{"loc":{"start":{"line":110,"column":26},"end":{"line":110,"column":43}},"type":"binary-expr","locations":[{"start":{"line":110,"column":26},"end":{"line":110,"column":30}},{"start":{"line":110,"column":34},"end":{"line":110,"column":43}}]},"9":{"loc":{"start":{"line":119,"column":11},"end":{"line":158,"column":null}},"type":"binary-expr","locations":[{"start":{"line":119,"column":11},"end":{"line":119,"column":25}},{"start":{"line":119,"column":29},"end":{"line":119,"column":43}},{"start":{"line":120,"column":12},"end":{"line":157,"column":null}}]},"10":{"loc":{"start":{"line":125,"column":18},"end":{"line":127,"column":null}},"type":"cond-expr","locations":[{"start":{"line":126,"column":22},"end":{"line":126,"column":54}},{"start":{"line":127,"column":22},"end":{"line":127,"column":null}}]},"11":{"loc":{"start":{"line":138,"column":20},"end":{"line":140,"column":null}},"type":"cond-expr","locations":[{"start":{"line":139,"column":24},"end":{"line":139,"column":47}},{"start":{"line":140,"column":24},"end":{"line":140,"column":null}}]},"12":{"loc":{"start":{"line":151,"column":18},"end":{"line":153,"column":null}},"type":"cond-expr","locations":[{"start":{"line":152,"column":22},"end":{"line":152,"column":54}},{"start":{"line":153,"column":22},"end":{"line":153,"column":null}}]}},"s":{"0":1,"1":1,"2":1,"3":1,"4":1,"5":1,"6":1,"7":1,"8":28,"9":28,"10":28,"11":28,"12":28,"13":28,"14":8,"15":8,"16":8,"17":8,"18":8,"19":8,"20":8,"21":0,"22":28,"23":2,"24":2,"25":2,"26":2,"27":2,"28":2,"29":2,"30":0,"31":28,"32":0,"33":0,"34":28,"35":10,"36":8,"37":28,"38":28,"39":28,"40":11,"41":0,"42":6,"43":6,"44":0,"45":0,"46":1},"f":{"0":28,"1":8,"2":8,"3":2,"4":2,"5":0,"6":10,"7":11,"8":0,"9":6,"10":6,"11":0,"12":0},"b":{"0":[8,0],"1":[0,8],"2":[8,8],"3":[2,0],"4":[0,2],"5":[2,2],"6":[8],"7":[11,17],"8":[11,0],"9":[28,26,3],"10":[3,0],"11":[3,3],"12":[0,3]}}
}
