{"D:\\Magic_Software_Project\\movie_explorer_reactjs_shruti\\src\\Services\\AdminServices.tsx": {"path":"D:\\Magic_Software_Project\\movie_explorer_reactjs_shruti\\src\\Services\\AdminServices.tsx","statementMap":{"0":{"start":{"line":1,"column":0},"end":{"line":1,"column":26}},"1":{"start":{"line":3,"column":17},"end":{"line":3,"column":87}},"2":{"start":{"line":5,"column":24},"end":{"line":19,"column":2}},"3":{"start":{"line":5,"column":43},"end":{"line":19,"column":2}},"4":{"start":{"line":6,"column":16},"end":{"line":6,"column":45}},"5":{"start":{"line":7,"column":2},"end":{"line":18,"column":3}},"6":{"start":{"line":8,"column":21},"end":{"line":14,"column":6}},"7":{"start":{"line":15,"column":4},"end":{"line":15,"column":25}},"8":{"start":{"line":17,"column":4},"end":{"line":17,"column":16}},"9":{"start":{"line":5,"column":13},"end":{"line":5,"column":24}},"10":{"start":{"line":21,"column":27},"end":{"line":35,"column":2}},"11":{"start":{"line":21,"column":50},"end":{"line":35,"column":2}},"12":{"start":{"line":22,"column":16},"end":{"line":22,"column":45}},"13":{"start":{"line":23,"column":2},"end":{"line":34,"column":3}},"14":{"start":{"line":24,"column":21},"end":{"line":30,"column":6}},"15":{"start":{"line":31,"column":4},"end":{"line":31,"column":25}},"16":{"start":{"line":33,"column":4},"end":{"line":33,"column":16}},"17":{"start":{"line":21,"column":13},"end":{"line":21,"column":27}},"18":{"start":{"line":38,"column":27},"end":{"line":51,"column":2}},"19":{"start":{"line":38,"column":40},"end":{"line":51,"column":2}},"20":{"start":{"line":39,"column":16},"end":{"line":39,"column":45}},"21":{"start":{"line":40,"column":2},"end":{"line":50,"column":3}},"22":{"start":{"line":41,"column":21},"end":{"line":46,"column":6}},"23":{"start":{"line":47,"column":4},"end":{"line":47,"column":25}},"24":{"start":{"line":49,"column":4},"end":{"line":49,"column":16}},"25":{"start":{"line":38,"column":13},"end":{"line":38,"column":27}}},"fnMap":{"0":{"name":"(anonymous_8)","decl":{"start":{"line":5,"column":24},"end":{"line":5,"column":31}},"loc":{"start":{"line":5,"column":43},"end":{"line":19,"column":2}}},"1":{"name":"(anonymous_9)","decl":{"start":{"line":5,"column":43},"end":{"line":5,"column":null}},"loc":{"start":{"line":5,"column":43},"end":{"line":19,"column":1}}},"2":{"name":"(anonymous_10)","decl":{"start":{"line":21,"column":27},"end":{"line":21,"column":34}},"loc":{"start":{"line":21,"column":50},"end":{"line":35,"column":2}}},"3":{"name":"(anonymous_11)","decl":{"start":{"line":21,"column":50},"end":{"line":21,"column":null}},"loc":{"start":{"line":21,"column":50},"end":{"line":35,"column":1}}},"4":{"name":"(anonymous_12)","decl":{"start":{"line":38,"column":27},"end":{"line":38,"column":34}},"loc":{"start":{"line":38,"column":40},"end":{"line":51,"column":2}}},"5":{"name":"(anonymous_13)","decl":{"start":{"line":38,"column":40},"end":{"line":38,"column":null}},"loc":{"start":{"line":38,"column":40},"end":{"line":51,"column":1}}}},"branchMap":{},"s":{"0":1,"1":1,"2":1,"3":0,"4":0,"5":0,"6":0,"7":0,"8":0,"9":1,"10":1,"11":0,"12":0,"13":0,"14":0,"15":0,"16":0,"17":1,"18":1,"19":0,"20":0,"21":0,"22":0,"23":0,"24":0,"25":1},"f":{"0":0,"1":0,"2":0,"3":0,"4":0,"5":0},"b":{}}
,"D:\\Magic_Software_Project\\movie_explorer_reactjs_shruti\\src\\Services\\MovieService.tsx": {"path":"D:\\Magic_Software_Project\\movie_explorer_reactjs_shruti\\src\\Services\\MovieService.tsx","statementMap":{"0":{"start":{"line":1,"column":0},"end":{"line":1,"column":36}},"1":{"start":{"line":2,"column":0},"end":{"line":2,"column":26}},"2":{"start":{"line":5,"column":17},"end":{"line":5,"column":73}},"3":{"start":{"line":32,"column":40},"end":{"line":69,"column":4}},"4":{"start":{"line":32,"column":91},"end":{"line":69,"column":4}},"5":{"start":{"line":33,"column":4},"end":{"line":68,"column":5}},"6":{"start":{"line":34,"column":23},"end":{"line":40,"column":8}},"7":{"start":{"line":42,"column":19},"end":{"line":42,"column":32}},"8":{"start":{"line":44,"column":39},"end":{"line":52,"column":8}},"9":{"start":{"line":54,"column":6},"end":{"line":54,"column":39}},"10":{"start":{"line":55,"column":6},"end":{"line":55,"column":23}},"11":{"start":{"line":58,"column":6},"end":{"line":58,"column":59}},"12":{"start":{"line":59,"column":6},"end":{"line":67,"column":8}},"13":{"start":{"line":32,"column":15},"end":{"line":32,"column":40}},"14":{"start":{"line":71,"column":30},"end":{"line":87,"column":4}},"15":{"start":{"line":71,"column":72},"end":{"line":87,"column":4}},"16":{"start":{"line":72,"column":4},"end":{"line":86,"column":5}},"17":{"start":{"line":73,"column":23},"end":{"line":80,"column":8}},"18":{"start":{"line":81,"column":6},"end":{"line":81,"column":37}},"19":{"start":{"line":82,"column":6},"end":{"line":82,"column":40}},"20":{"start":{"line":84,"column":6},"end":{"line":84,"column":60}},"21":{"start":{"line":85,"column":6},"end":{"line":85,"column":16}},"22":{"start":{"line":71,"column":15},"end":{"line":71,"column":30}},"23":{"start":{"line":90,"column":30},"end":{"line":109,"column":null}},"24":{"start":{"line":90,"column":39},"end":{"line":109,"column":null}},"25":{"start":{"line":91,"column":4},"end":{"line":108,"column":5}},"26":{"start":{"line":92,"column":25},"end":{"line":99,"column":14}},"27":{"start":{"line":101,"column":12},"end":{"line":101,"column":56}},"28":{"start":{"line":102,"column":37},"end":{"line":102,"column":57}},"29":{"start":{"line":103,"column":12},"end":{"line":103,"column":57}},"30":{"start":{"line":104,"column":12},"end":{"line":104,"column":26}},"31":{"start":{"line":107,"column":8},"end":{"line":107,"column":60}},"32":{"start":{"line":90,"column":15},"end":{"line":90,"column":30}},"33":{"start":{"line":111,"column":29},"end":{"line":128,"column":4}},"34":{"start":{"line":111,"column":50},"end":{"line":128,"column":4}},"35":{"start":{"line":112,"column":13},"end":{"line":112,"column":45}},"36":{"start":{"line":113,"column":4},"end":{"line":127,"column":5}},"37":{"start":{"line":114,"column":23},"end":{"line":120,"column":8}},"38":{"start":{"line":121,"column":27},"end":{"line":121,"column":46}},"39":{"start":{"line":122,"column":6},"end":{"line":122,"column":43}},"40":{"start":{"line":123,"column":6},"end":{"line":123,"column":19}},"41":{"start":{"line":125,"column":6},"end":{"line":125,"column":66}},"42":{"start":{"line":126,"column":6},"end":{"line":126,"column":18}},"43":{"start":{"line":111,"column":13},"end":{"line":111,"column":29}},"44":{"start":{"line":130,"column":34},"end":{"line":145,"column":4}},"45":{"start":{"line":130,"column":76},"end":{"line":145,"column":4}},"46":{"start":{"line":131,"column":4},"end":{"line":144,"column":5}},"47":{"start":{"line":132,"column":23},"end":{"line":139,"column":8}},"48":{"start":{"line":140,"column":6},"end":{"line":140,"column":27}},"49":{"start":{"line":142,"column":6},"end":{"line":142,"column":68}},"50":{"start":{"line":143,"column":6},"end":{"line":143,"column":28}},"51":{"start":{"line":130,"column":15},"end":{"line":130,"column":34}}},"fnMap":{"0":{"name":"(anonymous_8)","decl":{"start":{"line":32,"column":40},"end":{"line":32,"column":47}},"loc":{"start":{"line":32,"column":91},"end":{"line":69,"column":4}}},"1":{"name":"(anonymous_9)","decl":{"start":{"line":32,"column":91},"end":{"line":32,"column":null}},"loc":{"start":{"line":32,"column":63},"end":{"line":69,"column":3}}},"2":{"name":"(anonymous_10)","decl":{"start":{"line":71,"column":30},"end":{"line":71,"column":37}},"loc":{"start":{"line":71,"column":72},"end":{"line":87,"column":4}}},"3":{"name":"(anonymous_11)","decl":{"start":{"line":71,"column":72},"end":{"line":71,"column":null}},"loc":{"start":{"line":71,"column":72},"end":{"line":87,"column":3}}},"4":{"name":"(anonymous_12)","decl":{"start":{"line":90,"column":30},"end":{"line":90,"column":37}},"loc":{"start":{"line":90,"column":39},"end":{"line":109,"column":null}}},"5":{"name":"(anonymous_13)","decl":{"start":{"line":90,"column":39},"end":{"line":90,"column":null}},"loc":{"start":{"line":90,"column":39},"end":{"line":109,"column":1}}},"6":{"name":"(anonymous_14)","decl":{"start":{"line":111,"column":29},"end":{"line":111,"column":36}},"loc":{"start":{"line":111,"column":50},"end":{"line":128,"column":4}}},"7":{"name":"(anonymous_15)","decl":{"start":{"line":111,"column":50},"end":{"line":111,"column":null}},"loc":{"start":{"line":111,"column":50},"end":{"line":128,"column":3}}},"8":{"name":"(anonymous_16)","decl":{"start":{"line":130,"column":34},"end":{"line":130,"column":41}},"loc":{"start":{"line":130,"column":76},"end":{"line":145,"column":4}}},"9":{"name":"(anonymous_17)","decl":{"start":{"line":130,"column":76},"end":{"line":130,"column":null}},"loc":{"start":{"line":130,"column":72},"end":{"line":145,"column":3}}}},"branchMap":{"0":{"loc":{"start":{"line":32,"column":47},"end":{"line":32,"column":63}},"type":"default-arg","locations":[{"start":{"line":32,"column":62},"end":{"line":32,"column":63}}]},"1":{"loc":{"start":{"line":45,"column":16},"end":{"line":45,"column":33}},"type":"binary-expr","locations":[{"start":{"line":45,"column":16},"end":{"line":45,"column":27}},{"start":{"line":45,"column":31},"end":{"line":45,"column":33}}]},"2":{"loc":{"start":{"line":46,"column":20},"end":{"line":51,"column":null}},"type":"binary-expr","locations":[{"start":{"line":46,"column":20},"end":{"line":46,"column":35}},{"start":{"line":46,"column":39},"end":{"line":51,"column":null}}]},"3":{"loc":{"start":{"line":47,"column":24},"end":{"line":47,"column":49}},"type":"binary-expr","locations":[{"start":{"line":47,"column":24},"end":{"line":47,"column":41}},{"start":{"line":47,"column":45},"end":{"line":47,"column":49}}]},"4":{"loc":{"start":{"line":48,"column":23},"end":{"line":48,"column":44}},"type":"binary-expr","locations":[{"start":{"line":48,"column":23},"end":{"line":48,"column":39}},{"start":{"line":48,"column":43},"end":{"line":48,"column":44}}]},"5":{"loc":{"start":{"line":49,"column":23},"end":{"line":49,"column":67}},"type":"binary-expr","locations":[{"start":{"line":49,"column":23},"end":{"line":49,"column":39}},{"start":{"line":49,"column":43},"end":{"line":49,"column":62}},{"start":{"line":49,"column":66},"end":{"line":49,"column":67}}]},"6":{"loc":{"start":{"line":49,"column":43},"end":{"line":49,"column":62}},"type":"cond-expr","locations":[{"start":{"line":49,"column":54},"end":{"line":49,"column":56}},{"start":{"line":49,"column":54},"end":{"line":49,"column":62}}]},"7":{"loc":{"start":{"line":49,"column":43},"end":{"line":49,"column":56}},"type":"binary-expr","locations":[{"start":{"line":49,"column":43},"end":{"line":49,"column":56}},{"start":{"line":49,"column":54},"end":{"line":49,"column":56}}]},"8":{"loc":{"start":{"line":50,"column":20},"end":{"line":50,"column":39}},"type":"binary-expr","locations":[{"start":{"line":50,"column":20},"end":{"line":50,"column":33}},{"start":{"line":50,"column":37},"end":{"line":50,"column":39}}]},"9":{"loc":{"start":{"line":82,"column":13},"end":{"line":82,"column":39}},"type":"binary-expr","locations":[{"start":{"line":82,"column":13},"end":{"line":82,"column":33}},{"start":{"line":82,"column":37},"end":{"line":82,"column":39}}]},"10":{"loc":{"start":{"line":130,"column":56},"end":{"line":130,"column":72}},"type":"default-arg","locations":[{"start":{"line":130,"column":71},"end":{"line":130,"column":72}}]}},"s":{"0":2,"1":2,"2":2,"3":2,"4":0,"5":0,"6":0,"7":0,"8":0,"9":0,"10":0,"11":0,"12":0,"13":2,"14":2,"15":0,"16":0,"17":0,"18":0,"19":0,"20":0,"21":0,"22":2,"23":2,"24":0,"25":0,"26":0,"27":0,"28":0,"29":0,"30":0,"31":0,"32":2,"33":2,"34":0,"35":0,"36":0,"37":0,"38":0,"39":0,"40":0,"41":0,"42":0,"43":2,"44":2,"45":0,"46":0,"47":0,"48":0,"49":0,"50":0,"51":2},"f":{"0":0,"1":0,"2":0,"3":0,"4":0,"5":0,"6":0,"7":0,"8":0,"9":0},"b":{"0":[0],"1":[0,0],"2":[0,0],"3":[0,0],"4":[0,0],"5":[0,0,0],"6":[0,0],"7":[0,0],"8":[0,0],"9":[0,0],"10":[0]}}
,"D:\\Magic_Software_Project\\movie_explorer_reactjs_shruti\\src\\components\\MovieBanner.tsx": {"path":"D:\\Magic_Software_Project\\movie_explorer_reactjs_shruti\\src\\components\\MovieBanner.tsx","statementMap":{"0":{"start":{"line":1,"column":0},"end":{"line":1,"column":51}},"1":{"start":{"line":2,"column":0},"end":{"line":2,"column":49}},"2":{"start":{"line":3,"column":0},"end":{"line":3,"column":56}},"3":{"start":{"line":4,"column":0},"end":{"line":4,"column":55}},"4":{"start":{"line":5,"column":0},"end":{"line":5,"column":36}},"5":{"start":{"line":22,"column":26},"end":{"line":29,"column":2}},"6":{"start":{"line":31,"column":21},"end":{"line":35,"column":2}},"7":{"start":{"line":37,"column":30},"end":{"line":136,"column":1}},"8":{"start":{"line":38,"column":30},"end":{"line":38,"column":51}},"9":{"start":{"line":39,"column":52},"end":{"line":39,"column":63}},"10":{"start":{"line":41,"column":2},"end":{"line":52,"column":9}},"11":{"start":{"line":42,"column":24},"end":{"line":49,"column":6}},"12":{"start":{"line":42,"column":35},"end":{"line":49,"column":6}},"13":{"start":{"line":43,"column":24},"end":{"line":43,"column":44}},"14":{"start":{"line":44,"column":6},"end":{"line":44,"column":null}},"15":{"start":{"line":45,"column":6},"end":{"line":48,"column":7}},"16":{"start":{"line":46,"column":8},"end":{"line":46,"column":29}},"17":{"start":{"line":47,"column":10},"end":{"line":47,"column":52}},"18":{"start":{"line":51,"column":4},"end":{"line":51,"column":18}},"19":{"start":{"line":54,"column":2},"end":{"line":63,"column":15}},"20":{"start":{"line":55,"column":21},"end":{"line":60,"column":12}},"21":{"start":{"line":56,"column":6},"end":{"line":59,"column":9}},"22":{"start":{"line":57,"column":8},"end":{"line":57,"column":42}},"23":{"start":{"line":57,"column":33},"end":{"line":57,"column":42}},"24":{"start":{"line":58,"column":8},"end":{"line":58,"column":42}},"25":{"start":{"line":62,"column":4},"end":{"line":62,"column":41}},"26":{"start":{"line":62,"column":17},"end":{"line":62,"column":40}},"27":{"start":{"line":65,"column":23},"end":{"line":65,"column":48}},"28":{"start":{"line":67,"column":2},"end":{"line":67,"column":33}},"29":{"start":{"line":67,"column":21},"end":{"line":67,"column":33}},"30":{"start":{"line":70,"column":2},"end":{"line":135,"column":4}},"31":{"start":{"line":113,"column":16},"end":{"line":114,"column":null}},"32":{"start":{"line":138,"column":0},"end":{"line":138,"column":27}}},"fnMap":{"0":{"name":"(anonymous_8)","decl":{"start":{"line":37,"column":30},"end":{"line":37,"column":33}},"loc":{"start":{"line":37,"column":35},"end":{"line":136,"column":1}}},"1":{"name":"(anonymous_9)","decl":{"start":{"line":41,"column":12},"end":{"line":41,"column":15}},"loc":{"start":{"line":41,"column":17},"end":{"line":52,"column":3}}},"2":{"name":"(anonymous_10)","decl":{"start":{"line":42,"column":24},"end":{"line":42,"column":33}},"loc":{"start":{"line":42,"column":35},"end":{"line":49,"column":6}}},"3":{"name":"(anonymous_11)","decl":{"start":{"line":42,"column":35},"end":{"line":42,"column":null}},"loc":{"start":{"line":42,"column":35},"end":{"line":49,"column":5}}},"4":{"name":"(anonymous_12)","decl":{"start":{"line":54,"column":12},"end":{"line":54,"column":15}},"loc":{"start":{"line":54,"column":17},"end":{"line":63,"column":3}}},"5":{"name":"(anonymous_13)","decl":{"start":{"line":55,"column":33},"end":{"line":55,"column":36}},"loc":{"start":{"line":55,"column":38},"end":{"line":60,"column":5}}},"6":{"name":"(anonymous_14)","decl":{"start":{"line":56,"column":27},"end":{"line":56,"column":28}},"loc":{"start":{"line":56,"column":36},"end":{"line":59,"column":7}}},"7":{"name":"(anonymous_15)","decl":{"start":{"line":62,"column":11},"end":{"line":62,"column":14}},"loc":{"start":{"line":62,"column":17},"end":{"line":62,"column":40}}},"8":{"name":"(anonymous_16)","decl":{"start":{"line":112,"column":49},"end":{"line":112,"column":50}},"loc":{"start":{"line":113,"column":16},"end":{"line":114,"column":null}}}},"branchMap":{"0":{"loc":{"start":{"line":45,"column":6},"end":{"line":48,"column":7}},"type":"if","locations":[{"start":{"line":45,"column":6},"end":{"line":48,"column":7}}]},"1":{"loc":{"start":{"line":45,"column":10},"end":{"line":45,"column":43}},"type":"binary-expr","locations":[{"start":{"line":45,"column":10},"end":{"line":45,"column":19}},{"start":{"line":45,"column":23},"end":{"line":45,"column":43}}]},"2":{"loc":{"start":{"line":57,"column":8},"end":{"line":57,"column":42}},"type":"if","locations":[{"start":{"line":57,"column":8},"end":{"line":57,"column":42}}]},"3":{"loc":{"start":{"line":67,"column":2},"end":{"line":67,"column":33}},"type":"if","locations":[{"start":{"line":67,"column":2},"end":{"line":67,"column":33}}]}},"s":{"0":1,"1":1,"2":1,"3":1,"4":1,"5":1,"6":1,"7":1,"8":17,"9":17,"10":17,"11":10,"12":10,"13":10,"14":10,"15":10,"16":8,"17":8,"18":10,"19":17,"20":16,"21":1,"22":1,"23":0,"24":1,"25":16,"26":16,"27":17,"28":17,"29":10,"30":7,"31":12,"32":1},"f":{"0":17,"1":10,"2":10,"3":10,"4":16,"5":1,"6":1,"7":16,"8":12},"b":{"0":[8],"1":[10,9],"2":[0],"3":[10]}}
,"D:\\Magic_Software_Project\\movie_explorer_reactjs_shruti\\src\\components\\MovieCard.tsx": {"path":"D:\\Magic_Software_Project\\movie_explorer_reactjs_shruti\\src\\components\\MovieCard.tsx","statementMap":{"0":{"start":{"line":2,"column":0},"end":{"line":2,"column":47}},"1":{"start":{"line":3,"column":0},"end":{"line":3,"column":53}},"2":{"start":{"line":4,"column":0},"end":{"line":4,"column":56}},"3":{"start":{"line":5,"column":0},"end":{"line":5,"column":39}},"4":{"start":{"line":19,"column":50},"end":{"line":120,"column":1}},"5":{"start":{"line":29,"column":19},"end":{"line":29,"column":32}},"6":{"start":{"line":30,"column":19},"end":{"line":30,"column":51}},"7":{"start":{"line":32,"column":30},"end":{"line":38,"column":3}},"8":{"start":{"line":33,"column":4},"end":{"line":37,"column":5}},"9":{"start":{"line":34,"column":6},"end":{"line":34,"column":28}},"10":{"start":{"line":36,"column":6},"end":{"line":36,"column":31}},"11":{"start":{"line":40,"column":33},"end":{"line":44,"column":3}},"12":{"start":{"line":41,"column":4},"end":{"line":43,"column":7}},"13":{"start":{"line":46,"column":22},"end":{"line":54,"column":3}},"14":{"start":{"line":47,"column":4},"end":{"line":53,"column":5}},"15":{"start":{"line":48,"column":6},"end":{"line":50,"column":9}},"16":{"start":{"line":52,"column":6},"end":{"line":52,"column":32}},"17":{"start":{"line":56,"column":21},"end":{"line":59,"column":3}},"18":{"start":{"line":57,"column":4},"end":{"line":57,"column":24}},"19":{"start":{"line":58,"column":4},"end":{"line":58,"column":35}},"20":{"start":{"line":61,"column":23},"end":{"line":71,"column":4}},"21":{"start":{"line":61,"column":53},"end":{"line":71,"column":4}},"22":{"start":{"line":62,"column":4},"end":{"line":62,"column":24}},"23":{"start":{"line":63,"column":4},"end":{"line":70,"column":5}},"24":{"start":{"line":64,"column":6},"end":{"line":64,"column":28}},"25":{"start":{"line":65,"column":6},"end":{"line":65,"column":50}},"26":{"start":{"line":66,"column":6},"end":{"line":66,"column":31}},"27":{"start":{"line":68,"column":6},"end":{"line":68,"column":52}},"28":{"start":{"line":69,"column":6},"end":{"line":69,"column":44}},"29":{"start":{"line":73,"column":2},"end":{"line":119,"column":4}},"30":{"start":{"line":122,"column":0},"end":{"line":122,"column":25}}},"fnMap":{"0":{"name":"(anonymous_7)","decl":{"start":{"line":19,"column":50},"end":{"line":19,"column":51}},"loc":{"start":{"line":28,"column":5},"end":{"line":120,"column":1}}},"1":{"name":"(anonymous_8)","decl":{"start":{"line":32,"column":30},"end":{"line":32,"column":33}},"loc":{"start":{"line":32,"column":35},"end":{"line":38,"column":3}}},"2":{"name":"(anonymous_9)","decl":{"start":{"line":40,"column":33},"end":{"line":40,"column":36}},"loc":{"start":{"line":40,"column":38},"end":{"line":44,"column":3}}},"3":{"name":"(anonymous_10)","decl":{"start":{"line":46,"column":22},"end":{"line":46,"column":25}},"loc":{"start":{"line":46,"column":27},"end":{"line":54,"column":3}}},"4":{"name":"(anonymous_11)","decl":{"start":{"line":56,"column":21},"end":{"line":56,"column":22}},"loc":{"start":{"line":56,"column":45},"end":{"line":59,"column":3}}},"5":{"name":"(anonymous_12)","decl":{"start":{"line":61,"column":23},"end":{"line":61,"column":30}},"loc":{"start":{"line":61,"column":53},"end":{"line":71,"column":4}}},"6":{"name":"(anonymous_13)","decl":{"start":{"line":61,"column":53},"end":{"line":61,"column":null}},"loc":{"start":{"line":61,"column":53},"end":{"line":71,"column":3}}}},"branchMap":{"0":{"loc":{"start":{"line":33,"column":4},"end":{"line":37,"column":5}},"type":"if","locations":[{"start":{"line":33,"column":4},"end":{"line":37,"column":5}},{"start":{"line":35,"column":11},"end":{"line":37,"column":5}}]},"1":{"loc":{"start":{"line":47,"column":4},"end":{"line":53,"column":5}},"type":"if","locations":[{"start":{"line":47,"column":4},"end":{"line":53,"column":5}},{"start":{"line":51,"column":11},"end":{"line":53,"column":5}}]},"2":{"loc":{"start":{"line":47,"column":8},"end":{"line":47,"column":45}},"type":"binary-expr","locations":[{"start":{"line":47,"column":8},"end":{"line":47,"column":19}},{"start":{"line":47,"column":23},"end":{"line":47,"column":45}}]},"3":{"loc":{"start":{"line":84,"column":9},"end":{"line":90,"column":null}},"type":"binary-expr","locations":[{"start":{"line":84,"column":9},"end":{"line":84,"column":28}},{"start":{"line":85,"column":12},"end":{"line":89,"column":null}}]},"4":{"loc":{"start":{"line":92,"column":9},"end":{"line":108,"column":null}},"type":"binary-expr","locations":[{"start":{"line":92,"column":9},"end":{"line":92,"column":30}},{"start":{"line":93,"column":10},"end":{"line":107,"column":null}}]}},"s":{"0":1,"1":1,"2":1,"3":1,"4":1,"5":10,"6":10,"7":10,"8":0,"9":0,"10":0,"11":10,"12":0,"13":10,"14":3,"15":2,"16":1,"17":10,"18":2,"19":2,"20":10,"21":2,"22":2,"23":2,"24":2,"25":1,"26":1,"27":1,"28":1,"29":10,"30":1},"f":{"0":10,"1":0,"2":0,"3":3,"4":2,"5":2,"6":2},"b":{"0":[0,0],"1":[2,1],"2":[3,2],"3":[10,3],"4":[10,5]}}
,"D:\\Magic_Software_Project\\movie_explorer_reactjs_shruti\\src\\pages\\AllMovies.tsx": {"path":"D:\\Magic_Software_Project\\movie_explorer_reactjs_shruti\\src\\pages\\AllMovies.tsx","statementMap":{"0":{"start":{"line":1,"column":0},"end":{"line":1,"column":51}},"1":{"start":{"line":2,"column":0},"end":{"line":2,"column":100}},"2":{"start":{"line":3,"column":0},"end":{"line":3,"column":48}},"3":{"start":{"line":4,"column":0},"end":{"line":4,"column":42}},"4":{"start":{"line":5,"column":0},"end":{"line":5,"column":42}},"5":{"start":{"line":6,"column":0},"end":{"line":6,"column":39}},"6":{"start":{"line":7,"column":0},"end":{"line":7,"column":48}},"7":{"start":{"line":8,"column":0},"end":{"line":8,"column":51}},"8":{"start":{"line":21,"column":28},"end":{"line":135,"column":1}},"9":{"start":{"line":22,"column":42},"end":{"line":22,"column":59}},"10":{"start":{"line":23,"column":22},"end":{"line":23,"column":67}},"11":{"start":{"line":24,"column":28},"end":{"line":24,"column":57}},"12":{"start":{"line":26,"column":30},"end":{"line":26,"column":51}},"13":{"start":{"line":27,"column":40},"end":{"line":27,"column":61}},"14":{"start":{"line":28,"column":38},"end":{"line":28,"column":49}},"15":{"start":{"line":29,"column":38},"end":{"line":29,"column":50}},"16":{"start":{"line":30,"column":56},"end":{"line":30,"column":68}},"17":{"start":{"line":32,"column":2},"end":{"line":38,"column":19}},"18":{"start":{"line":33,"column":18},"end":{"line":35,"column":11}},"19":{"start":{"line":34,"column":6},"end":{"line":34,"column":41}},"20":{"start":{"line":37,"column":4},"end":{"line":37,"column":37}},"21":{"start":{"line":37,"column":17},"end":{"line":37,"column":36}},"22":{"start":{"line":40,"column":2},"end":{"line":46,"column":41}},"23":{"start":{"line":41,"column":4},"end":{"line":45,"column":5}},"24":{"start":{"line":42,"column":6},"end":{"line":42,"column":40}},"25":{"start":{"line":44,"column":6},"end":{"line":44,"column":31}},"26":{"start":{"line":48,"column":22},"end":{"line":54,"column":4}},"27":{"start":{"line":48,"column":45},"end":{"line":54,"column":4}},"28":{"start":{"line":49,"column":17},"end":{"line":49,"column":65}},"29":{"start":{"line":50,"column":4},"end":{"line":50,"column":24}},"30":{"start":{"line":51,"column":17},"end":{"line":51,"column":51}},"31":{"start":{"line":52,"column":4},"end":{"line":52,"column":27}},"32":{"start":{"line":53,"column":4},"end":{"line":53,"column":47}},"33":{"start":{"line":56,"column":23},"end":{"line":65,"column":4}},"34":{"start":{"line":56,"column":47},"end":{"line":65,"column":4}},"35":{"start":{"line":57,"column":4},"end":{"line":64,"column":5}},"36":{"start":{"line":58,"column":22},"end":{"line":58,"column":50}},"37":{"start":{"line":59,"column":6},"end":{"line":59,"column":25}},"38":{"start":{"line":60,"column":6},"end":{"line":60,"column":23}},"39":{"start":{"line":62,"column":6},"end":{"line":62,"column":52}},"40":{"start":{"line":63,"column":6},"end":{"line":63,"column":20}},"41":{"start":{"line":66,"column":27},"end":{"line":69,"column":3}},"42":{"start":{"line":67,"column":4},"end":{"line":67,"column":25}},"43":{"start":{"line":68,"column":4},"end":{"line":68,"column":47}},"44":{"start":{"line":71,"column":2},"end":{"line":134,"column":4}},"45":{"start":{"line":88,"column":12},"end":{"line":88,"column":39}},"46":{"start":{"line":105,"column":29},"end":{"line":105,"column":75}},"47":{"start":{"line":113,"column":14},"end":{"line":114,"column":null}},"48":{"start":{"line":115,"column":31},"end":{"line":115,"column":54}},"49":{"start":{"line":123,"column":29},"end":{"line":123,"column":84}},"50":{"start":{"line":137,"column":0},"end":{"line":137,"column":25}}},"fnMap":{"0":{"name":"(anonymous_8)","decl":{"start":{"line":21,"column":28},"end":{"line":21,"column":31}},"loc":{"start":{"line":21,"column":33},"end":{"line":135,"column":1}}},"1":{"name":"(anonymous_9)","decl":{"start":{"line":32,"column":12},"end":{"line":32,"column":15}},"loc":{"start":{"line":32,"column":17},"end":{"line":38,"column":3}}},"2":{"name":"(anonymous_10)","decl":{"start":{"line":33,"column":29},"end":{"line":33,"column":32}},"loc":{"start":{"line":33,"column":34},"end":{"line":35,"column":5}}},"3":{"name":"(anonymous_11)","decl":{"start":{"line":37,"column":11},"end":{"line":37,"column":14}},"loc":{"start":{"line":37,"column":17},"end":{"line":37,"column":36}}},"4":{"name":"(anonymous_12)","decl":{"start":{"line":40,"column":12},"end":{"line":40,"column":15}},"loc":{"start":{"line":40,"column":17},"end":{"line":46,"column":3}}},"5":{"name":"(anonymous_13)","decl":{"start":{"line":48,"column":22},"end":{"line":48,"column":29}},"loc":{"start":{"line":48,"column":45},"end":{"line":54,"column":4}}},"6":{"name":"(anonymous_14)","decl":{"start":{"line":48,"column":45},"end":{"line":48,"column":null}},"loc":{"start":{"line":48,"column":45},"end":{"line":54,"column":3}}},"7":{"name":"(anonymous_15)","decl":{"start":{"line":56,"column":23},"end":{"line":56,"column":30}},"loc":{"start":{"line":56,"column":47},"end":{"line":65,"column":4}}},"8":{"name":"(anonymous_16)","decl":{"start":{"line":56,"column":47},"end":{"line":56,"column":null}},"loc":{"start":{"line":56,"column":47},"end":{"line":65,"column":3}}},"9":{"name":"(anonymous_17)","decl":{"start":{"line":66,"column":27},"end":{"line":66,"column":28}},"loc":{"start":{"line":66,"column":44},"end":{"line":69,"column":3}}},"10":{"name":"(anonymous_18)","decl":{"start":{"line":87,"column":22},"end":{"line":87,"column":23}},"loc":{"start":{"line":88,"column":12},"end":{"line":88,"column":39}}},"11":{"name":"(anonymous_19)","decl":{"start":{"line":105,"column":23},"end":{"line":105,"column":26}},"loc":{"start":{"line":105,"column":29},"end":{"line":105,"column":75}}},"12":{"name":"(anonymous_20)","decl":{"start":{"line":112,"column":40},"end":{"line":112,"column":41}},"loc":{"start":{"line":113,"column":14},"end":{"line":114,"column":null}}},"13":{"name":"(anonymous_21)","decl":{"start":{"line":115,"column":25},"end":{"line":115,"column":28}},"loc":{"start":{"line":115,"column":31},"end":{"line":115,"column":54}}},"14":{"name":"(anonymous_22)","decl":{"start":{"line":123,"column":23},"end":{"line":123,"column":26}},"loc":{"start":{"line":123,"column":29},"end":{"line":123,"column":84}}}},"branchMap":{"0":{"loc":{"start":{"line":23,"column":31},"end":{"line":23,"column":62}},"type":"binary-expr","locations":[{"start":{"line":23,"column":31},"end":{"line":23,"column":55}},{"start":{"line":23,"column":59},"end":{"line":23,"column":62}}]},"1":{"loc":{"start":{"line":41,"column":4},"end":{"line":45,"column":5}},"type":"if","locations":[{"start":{"line":41,"column":4},"end":{"line":45,"column":5}},{"start":{"line":43,"column":11},"end":{"line":45,"column":5}}]},"2":{"loc":{"start":{"line":49,"column":28},"end":{"line":49,"column":64}},"type":"binary-expr","locations":[{"start":{"line":49,"column":28},"end":{"line":49,"column":56}},{"start":{"line":49,"column":60},"end":{"line":49,"column":64}}]},"3":{"loc":{"start":{"line":50,"column":12},"end":{"line":50,"column":22}},"type":"cond-expr","locations":[{"start":{"line":50,"column":16},"end":{"line":50,"column":18}},{"start":{"line":50,"column":12},"end":{"line":50,"column":22}}]},"4":{"loc":{"start":{"line":50,"column":12},"end":{"line":50,"column":18}},"type":"binary-expr","locations":[{"start":{"line":50,"column":12},"end":{"line":50,"column":18}},{"start":{"line":50,"column":12},"end":{"line":50,"column":18}}]},"5":{"loc":{"start":{"line":96,"column":22},"end":{"line":96,"column":39}},"type":"binary-expr","locations":[{"start":{"line":96,"column":22},"end":{"line":96,"column":26}},{"start":{"line":96,"column":30},"end":{"line":96,"column":39}}]},"6":{"loc":{"start":{"line":102,"column":9},"end":{"line":129,"column":null}},"type":"binary-expr","locations":[{"start":{"line":102,"column":9},"end":{"line":102,"column":29}},{"start":{"line":103,"column":10},"end":{"line":128,"column":null}}]},"7":{"loc":{"start":{"line":107,"column":46},"end":{"line":107,"column":160}},"type":"cond-expr","locations":[{"start":{"line":107,"column":66},"end":{"line":107,"column":112}},{"start":{"line":107,"column":115},"end":{"line":107,"column":160}}]},"8":{"loc":{"start":{"line":116,"column":48},"end":{"line":116,"column":143}},"type":"cond-expr","locations":[{"start":{"line":116,"column":72},"end":{"line":116,"column":95}},{"start":{"line":116,"column":98},"end":{"line":116,"column":143}}]},"9":{"loc":{"start":{"line":125,"column":46},"end":{"line":125,"column":169}},"type":"cond-expr","locations":[{"start":{"line":125,"column":75},"end":{"line":125,"column":121}},{"start":{"line":125,"column":124},"end":{"line":125,"column":169}}]}},"s":{"0":1,"1":1,"2":1,"3":1,"4":1,"5":1,"6":1,"7":1,"8":1,"9":33,"10":33,"11":33,"12":33,"13":33,"14":33,"15":33,"16":33,"17":33,"18":10,"19":2,"20":10,"21":10,"22":33,"23":12,"24":2,"25":10,"26":33,"27":10,"28":10,"29":10,"30":10,"31":10,"32":10,"33":33,"34":2,"35":2,"36":2,"37":2,"38":2,"39":0,"40":0,"41":33,"42":2,"43":2,"44":33,"45":121,"46":0,"47":42,"48":2,"49":0,"50":1},"f":{"0":33,"1":10,"2":2,"3":10,"4":12,"5":10,"6":10,"7":2,"8":2,"9":2,"10":121,"11":0,"12":42,"13":2,"14":0},"b":{"0":[33,31],"1":[2,10],"2":[10,0],"3":[0,10],"4":[10,10],"5":[121,0],"6":[33,30],"7":[24,6],"8":[30,12],"9":[24,6]}}
}
