TN:
SF:src\Services\AdminServices.tsx
FN:5,(anonymous_8)
FN:5,(anonymous_9)
FN:21,(anonymous_10)
FN:21,(anonymous_11)
FN:38,(anonymous_12)
FN:38,(anonymous_13)
FNF:6
FNH:0
FNDA:0,(anonymous_8)
FNDA:0,(anonymous_9)
FNDA:0,(anonymous_10)
FNDA:0,(anonymous_11)
FNDA:0,(anonymous_12)
FNDA:0,(anonymous_13)
DA:1,1
DA:3,1
DA:5,1
DA:6,0
DA:7,0
DA:8,0
DA:15,0
DA:17,0
DA:21,1
DA:22,0
DA:23,0
DA:24,0
DA:31,0
DA:33,0
DA:38,1
DA:39,0
DA:40,0
DA:41,0
DA:47,0
DA:49,0
LF:20
LH:5
BRF:0
BRH:0
end_of_record
TN:
SF:src\Services\MovieService.tsx
FN:32,(anonymous_8)
FN:32,(anonymous_9)
FN:71,(anonymous_10)
FN:71,(anonymous_11)
FN:90,(anonymous_12)
FN:90,(anonymous_13)
FN:111,(anonymous_14)
FN:111,(anonymous_15)
FN:130,(anonymous_16)
FN:130,(anonymous_17)
FNF:10
FNH:0
FNDA:0,(anonymous_8)
FNDA:0,(anonymous_9)
FNDA:0,(anonymous_10)
FNDA:0,(anonymous_11)
FNDA:0,(anonymous_12)
FNDA:0,(anonymous_13)
FNDA:0,(anonymous_14)
FNDA:0,(anonymous_15)
FNDA:0,(anonymous_16)
FNDA:0,(anonymous_17)
DA:1,4
DA:2,4
DA:5,4
DA:32,4
DA:33,0
DA:34,0
DA:42,0
DA:44,0
DA:55,0
DA:58,0
DA:59,0
DA:71,4
DA:72,0
DA:73,0
DA:82,0
DA:84,0
DA:85,0
DA:90,4
DA:91,0
DA:92,0
DA:102,0
DA:104,0
DA:107,0
DA:111,4
DA:112,0
DA:113,0
DA:114,0
DA:121,0
DA:123,0
DA:125,0
DA:126,0
DA:130,4
DA:131,0
DA:132,0
DA:140,0
DA:142,0
DA:143,0
LF:37
LH:8
BRDA:32,0,0,0
BRDA:45,1,0,0
BRDA:45,1,1,0
BRDA:46,2,0,0
BRDA:46,2,1,0
BRDA:47,3,0,0
BRDA:47,3,1,0
BRDA:48,4,0,0
BRDA:48,4,1,0
BRDA:49,5,0,0
BRDA:49,5,1,0
BRDA:49,5,2,0
BRDA:49,6,0,0
BRDA:49,6,1,0
BRDA:49,7,0,0
BRDA:49,7,1,0
BRDA:50,8,0,0
BRDA:50,8,1,0
BRDA:82,9,0,0
BRDA:82,9,1,0
BRDA:130,10,0,0
BRF:21
BRH:0
end_of_record
TN:
SF:src\Services\SubscriptionService.tsx
FN:6,(anonymous_8)
FN:6,(anonymous_9)
FN:43,(anonymous_10)
FN:43,(anonymous_11)
FNF:4
FNH:0
FNDA:0,(anonymous_8)
FNDA:0,(anonymous_9)
FNDA:0,(anonymous_10)
FNDA:0,(anonymous_11)
DA:1,1
DA:3,1
DA:4,1
DA:6,1
DA:7,0
DA:8,0
DA:9,0
DA:10,0
DA:11,0
DA:14,0
DA:25,0
DA:27,0
DA:28,0
DA:31,0
DA:32,0
DA:33,0
DA:36,0
DA:38,0
DA:39,0
DA:43,1
DA:44,0
DA:45,0
DA:46,0
DA:47,0
DA:50,0
DA:59,0
DA:60,0
DA:63,0
DA:65,0
DA:70,0
DA:71,0
DA:73,0
LF:32
LH:5
BRDA:9,0,0,0
BRDA:27,1,0,0
BRDA:31,2,0,0
BRDA:31,2,1,0
BRDA:31,2,2,0
BRDA:31,3,0,0
BRDA:31,3,1,0
BRDA:31,4,0,0
BRDA:31,4,1,0
BRDA:32,5,0,0
BRDA:39,6,0,0
BRDA:39,6,1,0
BRDA:45,7,0,0
BRDA:59,8,0,0
BRDA:66,9,0,0
BRDA:66,9,1,0
BRDA:67,10,0,0
BRDA:67,10,1,0
BRDA:67,11,0,0
BRDA:67,11,1,0
BRDA:67,12,0,0
BRDA:67,12,1,0
BRDA:68,13,0,0
BRDA:68,13,1,0
BRDA:68,14,0,0
BRDA:68,14,1,0
BRDA:68,15,0,0
BRDA:68,15,1,0
BRDA:70,16,0,0
BRDA:71,17,0,0
BRDA:71,17,1,0
BRDA:71,18,0,0
BRDA:71,18,1,0
BRDA:71,19,0,0
BRDA:71,19,1,0
BRDA:71,20,0,0
BRDA:71,20,1,0
BRDA:71,21,0,0
BRDA:71,21,1,0
BRF:39
BRH:0
end_of_record
TN:
SF:src\Services\userServices.tsx
FN:18,(anonymous_8)
FN:18,(anonymous_9)
FN:47,(anonymous_10)
FN:47,(anonymous_11)
FN:84,(anonymous_12)
FN:84,(anonymous_13)
FNF:6
FNH:0
FNDA:0,(anonymous_8)
FNDA:0,(anonymous_9)
FNDA:0,(anonymous_10)
FNDA:0,(anonymous_11)
FNDA:0,(anonymous_12)
FNDA:0,(anonymous_13)
DA:1,1
DA:2,1
DA:4,1
DA:18,1
DA:19,0
DA:20,0
DA:22,0
DA:23,0
DA:34,0
DA:35,0
DA:36,0
DA:40,0
DA:43,0
DA:47,1
DA:48,0
DA:50,0
DA:51,0
DA:59,0
DA:62,0
DA:63,0
DA:64,0
DA:66,0
DA:67,0
DA:69,0
DA:84,1
DA:85,0
DA:86,0
DA:87,0
DA:88,0
DA:91,0
DA:92,0
DA:93,0
DA:94,0
DA:97,0
DA:98,0
DA:100,0
DA:111,0
DA:112,0
DA:114,0
LF:39
LH:6
BRDA:34,0,0,0
BRDA:34,0,1,0
BRDA:34,1,0,0
BRDA:34,1,1,0
BRDA:34,2,0,0
BRDA:34,2,1,0
BRDA:34,3,0,0
BRDA:34,3,1,0
BRDA:35,4,0,0
BRDA:35,4,1,0
BRDA:35,5,0,0
BRDA:35,5,1,0
BRDA:63,6,0,0
BRDA:63,6,1,0
BRDA:63,7,0,0
BRDA:63,7,1,0
BRDA:63,8,0,0
BRDA:63,8,1,0
BRDA:63,9,0,0
BRDA:63,9,1,0
BRDA:66,10,0,0
BRDA:66,10,1,0
BRDA:66,11,0,0
BRDA:66,11,1,0
BRDA:87,12,0,0
BRDA:92,13,0,0
BRDA:92,13,1,0
BRDA:92,14,0,0
BRDA:92,14,1,0
BRDA:93,15,0,0
BRF:30
BRH:0
end_of_record
TN:
SF:src\components\FadeInSection.tsx
FN:8,(anonymous_0)
FN:13,(anonymous_1)
FNF:2
FNH:2
FNDA:4,(anonymous_0)
FNDA:4,(anonymous_1)
DA:1,1
DA:2,1
DA:8,1
DA:9,4
DA:10,4
DA:11,4
DA:13,4
DA:14,4
DA:15,1
DA:17,3
DA:21,4
DA:33,1
LF:12
LH:12
BRDA:14,0,0,1
BRDA:14,0,1,3
BRF:2
BRH:2
end_of_record
TN:
SF:src\components\Genre.tsx
FN:46,(anonymous_1)
FN:55,(anonymous_2)
FN:60,(anonymous_3)
FNF:3
FNH:3
FNDA:5,(anonymous_1)
FNDA:40,(anonymous_2)
FNDA:1,(anonymous_3)
DA:2,1
DA:3,1
DA:4,1
DA:5,1
DA:6,1
DA:7,1
DA:8,1
DA:9,1
DA:10,1
DA:21,1
DA:32,1
DA:41,1
DA:46,1
DA:47,5
DA:56,40
DA:60,1
DA:78,1
LF:17
LH:17
BRF:0
BRH:0
end_of_record
TN:
SF:src\components\MovieBanner.tsx
FN:36,(anonymous_8)
FN:41,(anonymous_9)
FN:42,(anonymous_10)
FN:42,(anonymous_11)
FN:62,(anonymous_12)
FN:63,(anonymous_13)
FN:64,(anonymous_14)
FN:71,(anonymous_15)
FN:126,(anonymous_16)
FNF:9
FNH:9
FNDA:12,(anonymous_8)
FNDA:7,(anonymous_9)
FNDA:7,(anonymous_10)
FNDA:7,(anonymous_11)
FNDA:11,(anonymous_12)
FNDA:1,(anonymous_13)
FNDA:1,(anonymous_14)
FNDA:11,(anonymous_15)
FNDA:8,(anonymous_16)
DA:1,1
DA:2,1
DA:3,1
DA:4,1
DA:21,1
DA:30,1
DA:36,1
DA:37,12
DA:38,12
DA:39,12
DA:41,12
DA:42,7
DA:43,7
DA:44,7
DA:45,7
DA:46,7
DA:47,5
DA:49,2
DA:52,2
DA:55,7
DA:59,7
DA:62,12
DA:63,11
DA:64,1
DA:65,1
DA:66,1
DA:67,1
DA:71,11
DA:74,12
DA:75,7
DA:85,5
DA:87,5
DA:89,5
DA:127,8
DA:158,1
LF:35
LH:35
BRDA:46,0,0,5
BRDA:46,0,1,2
BRDA:46,1,0,7
BRDA:46,1,1,6
BRDA:66,2,0,0
BRDA:74,3,0,7
BRDA:74,4,0,12
BRDA:74,4,1,5
BRDA:87,5,0,0
BRF:9
BRH:7
end_of_record
TN:
SF:src\components\MovieCard.tsx
FN:19,(anonymous_7)
FN:32,(anonymous_8)
FN:40,(anonymous_9)
FN:46,(anonymous_10)
FN:56,(anonymous_11)
FN:61,(anonymous_12)
FN:61,(anonymous_13)
FNF:7
FNH:5
FNDA:10,(anonymous_7)
FNDA:0,(anonymous_8)
FNDA:0,(anonymous_9)
FNDA:3,(anonymous_10)
FNDA:2,(anonymous_11)
FNDA:2,(anonymous_12)
FNDA:2,(anonymous_13)
DA:2,1
DA:3,1
DA:4,1
DA:5,1
DA:19,1
DA:29,10
DA:30,10
DA:32,10
DA:33,0
DA:34,0
DA:36,0
DA:40,10
DA:41,0
DA:46,10
DA:47,3
DA:48,2
DA:52,1
DA:56,10
DA:57,2
DA:58,2
DA:61,10
DA:62,2
DA:63,2
DA:64,2
DA:65,1
DA:66,1
DA:68,1
DA:69,1
DA:73,10
DA:122,1
LF:30
LH:26
BRDA:33,0,0,0
BRDA:33,0,1,0
BRDA:47,1,0,2
BRDA:47,1,1,1
BRDA:47,2,0,3
BRDA:47,2,1,2
BRDA:47,2,2,1
BRDA:84,3,0,10
BRDA:84,3,1,3
BRDA:92,4,0,10
BRDA:92,4,1,5
BRF:11
BRH:9
end_of_record
TN:
SF:src\components\SearchBar.tsx
FN:9,(anonymous_0)
FN:17,(anonymous_1)
FNF:2
FNH:2
FNDA:5,(anonymous_0)
FNDA:1,(anonymous_1)
DA:2,1
DA:9,1
DA:10,5
DA:17,1
DA:28,1
LF:5
LH:5
BRF:0
BRH:0
end_of_record
TN:
SF:src\components\footer.tsx
FN:6,(anonymous_1)
FNF:1
FNH:1
FNDA:7,(anonymous_1)
DA:2,1
DA:3,1
DA:4,1
DA:6,1
DA:7,7
DA:70,1
LF:6
LH:6
BRF:0
BRH:0
end_of_record
TN:
SF:src\components\header.tsx
FN:7,(anonymous_0)
FN:15,(anonymous_1)
FN:30,(anonymous_2)
FN:30,(anonymous_3)
FN:31,(anonymous_4)
FN:31,(anonymous_5)
FN:33,(anonymous_6)
FN:34,(anonymous_7)
FN:41,(anonymous_8)
FN:42,(anonymous_9)
FN:43,(anonymous_10)
FN:44,(anonymous_11)
FN:237,(anonymous_12)
FNF:13
FNH:10
FNDA:32,(anonymous_0)
FNDA:14,(anonymous_1)
FNDA:3,(anonymous_2)
FNDA:3,(anonymous_3)
FNDA:1,(anonymous_4)
FNDA:1,(anonymous_5)
FNDA:2,(anonymous_6)
FNDA:0,(anonymous_7)
FNDA:1,(anonymous_8)
FNDA:0,(anonymous_9)
FNDA:0,(anonymous_10)
FNDA:3,(anonymous_11)
FNDA:6,(anonymous_12)
DA:1,1
DA:2,1
DA:3,1
DA:4,1
DA:5,1
DA:7,1
DA:8,32
DA:9,32
DA:10,32
DA:11,32
DA:13,32
DA:15,32
DA:16,14
DA:17,14
DA:18,2
DA:21,14
DA:22,14
DA:23,14
DA:24,0
DA:26,14
DA:30,32
DA:31,32
DA:33,32
DA:34,32
DA:35,0
DA:36,0
DA:37,0
DA:38,0
DA:41,32
DA:42,32
DA:43,32
DA:44,32
DA:46,32
DA:238,6
DA:267,1
LF:35
LH:30
BRDA:17,0,0,2
BRDA:23,1,0,0
BRDA:23,1,1,14
BRDA:96,2,0,32
BRDA:96,2,1,2
BRDA:96,3,0,30
BRDA:96,3,1,2
BRDA:96,4,0,32
BRDA:96,4,1,2
BRDA:115,5,0,32
BRDA:115,5,1,1
BRDA:128,6,0,1
BRDA:128,6,1,1
BRDA:128,7,0,1
BRDA:128,7,1,0
BRDA:128,8,0,1
BRDA:128,8,1,0
BRDA:130,9,0,1
BRDA:130,9,1,0
BRDA:130,10,0,1
BRDA:130,10,1,0
BRDA:174,11,0,32
BRDA:174,11,1,1
BRDA:187,12,0,1
BRDA:187,12,1,1
BRDA:187,13,0,1
BRDA:187,13,1,0
BRDA:187,14,0,1
BRDA:187,14,1,0
BRDA:189,15,0,1
BRDA:189,15,1,0
BRDA:189,16,0,1
BRDA:189,16,1,0
BRDA:206,17,0,2
BRDA:206,17,1,30
BRDA:222,18,0,32
BRDA:222,18,1,2
BRDA:234,19,0,0
BRDA:234,19,1,2
BRDA:234,20,0,2
BRDA:234,20,1,0
BRDA:234,21,0,2
BRDA:234,21,1,0
BRF:43
BRH:31
end_of_record
TN:
SF:src\pages\AllMovies.tsx
FN:21,(anonymous_8)
FN:32,(anonymous_9)
FN:33,(anonymous_10)
FN:37,(anonymous_11)
FN:40,(anonymous_12)
FN:48,(anonymous_13)
FN:48,(anonymous_14)
FN:71,(anonymous_15)
FN:71,(anonymous_16)
FN:92,(anonymous_17)
FN:123,(anonymous_18)
FN:142,(anonymous_19)
FN:149,(anonymous_20)
FN:152,(anonymous_21)
FN:160,(anonymous_22)
FNF:15
FNH:13
FNDA:37,(anonymous_8)
FNDA:10,(anonymous_9)
FNDA:2,(anonymous_10)
FNDA:10,(anonymous_11)
FNDA:12,(anonymous_12)
FNDA:10,(anonymous_13)
FNDA:10,(anonymous_14)
FNDA:2,(anonymous_15)
FNDA:2,(anonymous_16)
FNDA:2,(anonymous_17)
FNDA:101,(anonymous_18)
FNDA:0,(anonymous_19)
FNDA:20,(anonymous_20)
FNDA:2,(anonymous_21)
FNDA:0,(anonymous_22)
DA:1,1
DA:2,1
DA:3,1
DA:4,1
DA:5,1
DA:6,1
DA:7,1
DA:8,1
DA:9,1
DA:21,1
DA:22,37
DA:23,37
DA:24,37
DA:25,37
DA:26,37
DA:27,37
DA:28,37
DA:29,37
DA:30,37
DA:32,37
DA:33,10
DA:34,2
DA:37,10
DA:40,37
DA:41,12
DA:42,2
DA:44,10
DA:48,37
DA:49,10
DA:50,10
DA:51,10
DA:52,10
DA:53,10
DA:54,10
DA:55,10
DA:56,10
DA:58,0
DA:59,0
DA:60,0
DA:63,0
DA:64,0
DA:65,0
DA:67,10
DA:71,37
DA:72,2
DA:73,2
DA:74,2
DA:75,2
DA:76,2
DA:77,2
DA:79,0
DA:80,0
DA:81,0
DA:84,0
DA:85,0
DA:86,0
DA:88,2
DA:92,37
DA:93,2
DA:94,2
DA:97,37
DA:124,101
DA:142,0
DA:150,20
DA:152,2
DA:160,0
DA:174,1
LF:67
LH:53
BRDA:23,0,0,37
BRDA:23,0,1,33
BRDA:41,1,0,2
BRDA:41,1,1,10
BRDA:51,2,0,10
BRDA:51,2,1,0
BRDA:52,3,0,0
BRDA:52,3,1,10
BRDA:52,4,0,10
BRDA:52,4,1,10
BRDA:54,5,0,10
BRDA:54,5,1,0
BRDA:54,6,0,10
BRDA:54,6,1,10
BRDA:75,7,0,2
BRDA:75,7,1,0
BRDA:75,8,0,2
BRDA:75,8,1,2
BRDA:112,9,0,26
BRDA:112,9,1,11
BRDA:117,10,0,0
BRDA:117,10,1,11
BRDA:132,11,0,101
BRDA:132,11,1,0
BRDA:139,12,0,37
BRDA:139,12,1,32
BRDA:139,12,2,14
BRDA:139,12,3,10
BRDA:144,13,0,6
BRDA:144,13,1,4
BRDA:153,14,0,10
BRDA:153,14,1,10
BRDA:162,15,0,4
BRDA:162,15,1,6
BRF:34
BRH:28
end_of_record
TN:
SF:src\pages\Dashboard.tsx
FN:13,(anonymous_8)
FN:16,(anonymous_9)
FN:17,(anonymous_10)
FN:17,(anonymous_11)
FN:34,(anonymous_12)
FN:63,(anonymous_13)
FNF:6
FNH:6
FNDA:10,(anonymous_8)
FNDA:9,(anonymous_9)
FNDA:9,(anonymous_10)
FNDA:9,(anonymous_11)
FNDA:1,(anonymous_12)
FNDA:1,(anonymous_13)
DA:1,1
DA:2,1
DA:3,1
DA:4,1
DA:5,1
DA:6,1
DA:7,1
DA:8,1
DA:9,1
DA:10,1
DA:11,1
DA:13,1
DA:14,10
DA:16,10
DA:17,9
DA:18,9
DA:19,9
DA:20,9
DA:21,9
DA:22,8
DA:23,8
DA:25,1
DA:26,1
DA:30,9
DA:34,10
DA:35,1
DA:38,10
DA:77,1
LF:28
LH:28
BRDA:21,0,0,9
BRDA:21,0,1,8
BRF:2
BRH:2
end_of_record
TN:
SF:src\pages\GenreSection.tsx
FN:19,(anonymous_8)
FN:27,(anonymous_9)
FN:27,(anonymous_10)
FN:50,(anonymous_11)
FN:50,(anonymous_12)
FN:73,(anonymous_13)
FN:78,(anonymous_14)
FN:130,(anonymous_15)
FN:153,(anonymous_16)
FN:164,(anonymous_17)
FN:164,(anonymous_18)
FN:167,(anonymous_19)
FN:179,(anonymous_20)
FNF:13
FNH:9
FNDA:23,(anonymous_8)
FNDA:7,(anonymous_9)
FNDA:7,(anonymous_10)
FNDA:1,(anonymous_11)
FNDA:1,(anonymous_12)
FNDA:0,(anonymous_13)
FNDA:8,(anonymous_14)
FNDA:8,(anonymous_15)
FNDA:0,(anonymous_16)
FNDA:6,(anonymous_17)
FNDA:6,(anonymous_18)
FNDA:0,(anonymous_19)
FNDA:0,(anonymous_20)
DA:1,1
DA:2,1
DA:3,1
DA:4,1
DA:5,1
DA:6,1
DA:7,1
DA:8,1
DA:19,1
DA:20,23
DA:21,23
DA:22,23
DA:23,23
DA:24,23
DA:25,23
DA:27,23
DA:28,7
DA:29,7
DA:30,7
DA:31,7
DA:32,7
DA:33,7
DA:34,7
DA:35,7
DA:37,0
DA:38,0
DA:39,0
DA:42,0
DA:43,0
DA:44,0
DA:46,7
DA:50,23
DA:51,1
DA:52,1
DA:53,1
DA:54,1
DA:55,1
DA:56,1
DA:57,1
DA:58,1
DA:60,0
DA:61,0
DA:62,0
DA:65,0
DA:66,0
DA:67,0
DA:69,1
DA:73,23
DA:74,0
DA:75,0
DA:78,23
DA:79,8
DA:80,7
DA:84,23
DA:93,23
DA:98,23
DA:131,8
DA:153,0
DA:164,6
DA:165,6
DA:167,0
DA:179,0
DA:198,1
LF:63
LH:46
BRDA:30,0,0,7
BRDA:30,0,1,0
BRDA:31,1,0,0
BRDA:31,1,1,7
BRDA:31,2,0,7
BRDA:31,2,1,7
BRDA:33,3,0,7
BRDA:33,3,1,0
BRDA:33,4,0,7
BRDA:33,4,1,7
BRDA:53,5,0,1
BRDA:53,5,1,0
BRDA:54,6,0,0
BRDA:54,6,1,1
BRDA:54,7,0,1
BRDA:54,7,1,1
BRDA:56,8,0,1
BRDA:56,8,1,0
BRDA:56,9,0,1
BRDA:56,9,1,1
BRDA:79,10,0,7
BRDA:118,11,0,15
BRDA:118,11,1,8
BRDA:123,12,0,8
BRDA:123,12,1,0
BRDA:139,13,0,8
BRDA:139,13,1,0
BRDA:150,14,0,23
BRDA:150,14,1,22
BRDA:150,14,2,3
BRDA:150,14,3,3
BRDA:150,14,4,3
BRDA:156,15,0,3
BRDA:156,15,1,0
BRDA:169,16,0,3
BRDA:169,16,1,3
BRDA:182,17,0,0
BRDA:182,17,1,3
BRF:38
BRH:28
end_of_record
TN:
SF:src\pages\Login.tsx
FN:19,(anonymous_8)
FN:29,(anonymous_9)
FN:31,(anonymous_10)
FN:37,(anonymous_11)
FN:54,(anonymous_12)
FN:54,(anonymous_13)
FN:81,(anonymous_14)
FN:85,(anonymous_15)
FNF:8
FNH:8
FNDA:7,(anonymous_8)
FNDA:8,(anonymous_9)
FNDA:8,(anonymous_10)
FNDA:5,(anonymous_11)
FNDA:5,(anonymous_12)
FNDA:5,(anonymous_13)
FNDA:1,(anonymous_14)
FNDA:23,(anonymous_15)
DA:1,1
DA:2,1
DA:3,1
DA:4,1
DA:5,1
DA:20,7
DA:21,7
DA:29,7
DA:30,8
DA:31,8
DA:37,7
DA:38,5
DA:39,5
DA:41,5
DA:42,1
DA:45,5
DA:46,1
DA:49,5
DA:51,5
DA:54,7
DA:55,5
DA:56,5
DA:58,4
DA:60,4
DA:62,4
DA:63,4
DA:65,3
DA:66,2
DA:67,2
DA:68,2
DA:69,2
DA:71,1
DA:74,1
DA:75,1
DA:77,4
DA:81,7
DA:82,1
DA:86,23
DA:88,23
DA:216,1
LF:40
LH:40
BRDA:41,0,0,1
BRDA:45,1,0,1
BRDA:56,2,0,1
BRDA:65,3,0,2
BRDA:65,3,1,1
BRDA:65,4,0,0
BRDA:65,4,1,3
BRDA:65,5,0,3
BRDA:65,5,1,3
BRDA:156,6,0,23
BRDA:156,6,1,1
BRDA:171,7,0,23
BRDA:171,7,1,1
BRDA:201,8,0,23
BRDA:201,8,1,4
BRF:15
BRH:14
end_of_record
TN:
SF:src\pages\MovieDetail.tsx
FN:44,(anonymous_8)
FN:50,(anonymous_9)
FN:51,(anonymous_10)
FN:51,(anonymous_11)
FN:121,(anonymous_12)
FNF:5
FNH:4
FNDA:9,(anonymous_8)
FNDA:5,(anonymous_9)
FNDA:5,(anonymous_10)
FNDA:5,(anonymous_11)
FNDA:0,(anonymous_12)
DA:1,1
DA:2,1
DA:3,1
DA:4,1
DA:5,1
DA:6,1
DA:7,1
DA:8,1
DA:25,1
DA:35,1
DA:44,1
DA:45,9
DA:46,9
DA:47,9
DA:48,9
DA:50,9
DA:51,5
DA:52,5
DA:54,5
DA:55,5
DA:56,2
DA:57,1
DA:58,1
DA:60,1
DA:63,2
DA:64,1
DA:66,1
DA:67,1
DA:70,4
DA:74,5
DA:77,9
DA:78,5
DA:90,4
DA:91,3
DA:102,1
DA:121,0
DA:175,1
LF:37
LH:36
BRDA:52,0,0,0
BRDA:56,1,0,1
BRDA:56,1,1,1
BRDA:56,2,0,1
BRDA:56,2,1,1
BRDA:56,3,0,2
BRDA:56,3,1,1
BRDA:63,4,0,1
BRDA:63,4,1,1
BRDA:63,5,0,2
BRDA:63,5,1,2
BRDA:63,6,0,1
BRDA:63,6,1,1
BRDA:63,7,0,2
BRDA:63,7,1,2
BRDA:63,8,0,1
BRDA:63,8,1,1
BRDA:63,9,0,2
BRDA:63,9,1,2
BRDA:77,10,0,5
BRDA:90,11,0,3
BRF:21
BRH:20
end_of_record
TN:
SF:src\pages\SubscribePage.tsx
FN:8,(anonymous_1)
FNF:1
FNH:1
FNDA:3,(anonymous_1)
DA:2,1
DA:3,1
DA:6,1
DA:8,1
DA:10,3
DA:21,1
LF:6
LH:6
BRF:0
BRH:0
end_of_record
TN:
SF:src\pages\Subscription.tsx
FN:67,(anonymous_8)
FN:74,(anonymous_9)
FN:79,(anonymous_10)
FN:79,(anonymous_11)
FN:102,(anonymous_12)
FN:105,(anonymous_13)
FN:106,(anonymous_14)
FN:134,(anonymous_15)
FN:146,(anonymous_16)
FN:155,(anonymous_17)
FN:185,(anonymous_18)
FNF:11
FNH:11
FNDA:48,(anonymous_8)
FNDA:11,(anonymous_9)
FNDA:2,(anonymous_10)
FNDA:2,(anonymous_11)
FNDA:27,(anonymous_12)
FNDA:6,(anonymous_13)
FNDA:12,(anonymous_14)
FNDA:33,(anonymous_15)
FNDA:165,(anonymous_16)
FNDA:2,(anonymous_17)
FNDA:18,(anonymous_18)
DA:1,1
DA:2,1
DA:3,1
DA:5,1
DA:6,1
DA:8,1
DA:65,1
DA:67,48
DA:74,1
DA:75,11
DA:76,11
DA:77,11
DA:79,11
DA:80,2
DA:81,2
DA:82,0
DA:83,0
DA:86,2
DA:87,2
DA:88,2
DA:89,1
DA:90,1
DA:92,0
DA:95,1
DA:97,2
DA:102,27
DA:105,11
DA:106,12
DA:108,11
DA:135,33
DA:147,165
DA:155,2
DA:186,18
DA:239,1
LF:34
LH:31
BRDA:81,0,0,0
BRDA:89,1,0,1
BRDA:89,1,1,0
BRDA:95,2,0,1
BRDA:95,2,1,0
BRDA:165,3,0,11
BRDA:165,3,1,6
BRDA:178,4,0,0
BRDA:178,4,1,6
BRDA:178,5,0,6
BRDA:178,5,1,6
BRDA:185,6,0,0
BRDA:185,6,1,6
BRDA:185,7,0,6
BRDA:185,7,1,6
BRDA:198,8,0,2
BRDA:198,8,1,4
BRDA:202,9,0,2
BRDA:202,9,1,4
BRDA:205,10,0,2
BRDA:205,10,1,4
BRDA:207,11,0,6
BRDA:207,11,1,2
BRF:23
BRH:18
end_of_record
TN:
SF:src\pages\Success.tsx
FN:6,(anonymous_8)
FN:13,(anonymous_9)
FN:14,(anonymous_10)
FN:14,(anonymous_11)
FN:68,(anonymous_12)
FN:88,(anonymous_13)
FNF:6
FNH:4
FNDA:8,(anonymous_8)
FNDA:4,(anonymous_9)
FNDA:4,(anonymous_10)
FNDA:4,(anonymous_11)
FNDA:0,(anonymous_12)
FNDA:0,(anonymous_13)
DA:1,1
DA:2,1
DA:3,1
DA:4,1
DA:6,1
DA:7,8
DA:8,8
DA:9,8
DA:10,8
DA:11,8
DA:13,8
DA:14,4
DA:15,4
DA:16,4
DA:18,4
DA:19,0
DA:20,0
DA:21,0
DA:24,4
DA:25,4
DA:26,4
DA:36,3
DA:37,2
DA:39,2
DA:42,2
DA:46,4
DA:49,8
DA:68,0
DA:88,0
DA:100,1
LF:30
LH:25
BRDA:18,0,0,0
BRDA:40,1,0,2
BRDA:40,1,1,1
BRDA:40,2,0,1
BRDA:40,2,1,1
BRDA:40,3,0,2
BRDA:40,3,1,2
BRDA:40,4,0,1
BRDA:40,4,1,1
BRDA:40,5,0,2
BRDA:40,5,1,2
BRDA:40,6,0,0
BRDA:40,6,1,2
BRDA:40,7,0,2
BRDA:40,7,1,2
BRDA:58,8,0,4
BRDA:58,8,1,4
BRDA:63,9,0,2
BRDA:63,9,1,2
BRDA:84,10,0,2
BRDA:84,10,1,2
BRDA:84,11,0,0
BRDA:84,11,1,2
BRDA:84,12,0,2
BRDA:84,12,1,2
BRF:25
BRH:22
end_of_record
