TN:
SF:src\Services\AdminServices.tsx
FN:5,(anonymous_8)
FN:5,(anonymous_9)
FN:21,(anonymous_10)
FN:21,(anonymous_11)
FN:38,(anonymous_12)
FN:38,(anonymous_13)
FNF:6
FNH:0
FNDA:0,(anonymous_8)
FNDA:0,(anonymous_9)
FNDA:0,(anonymous_10)
FNDA:0,(anonymous_11)
FNDA:0,(anonymous_12)
FNDA:0,(anonymous_13)
DA:1,1
DA:3,1
DA:5,1
DA:6,0
DA:7,0
DA:8,0
DA:15,0
DA:17,0
DA:21,1
DA:22,0
DA:23,0
DA:24,0
DA:31,0
DA:33,0
DA:38,1
DA:39,0
DA:40,0
DA:41,0
DA:47,0
DA:49,0
LF:20
LH:5
BRF:0
BRH:0
end_of_record
TN:
SF:src\Services\MovieService.tsx
FN:32,(anonymous_8)
FN:32,(anonymous_9)
FN:71,(anonymous_10)
FN:71,(anonymous_11)
FN:90,(anonymous_12)
FN:90,(anonymous_13)
FN:111,(anonymous_14)
FN:111,(anonymous_15)
FN:130,(anonymous_16)
FN:130,(anonymous_17)
FNF:10
FNH:0
FNDA:0,(anonymous_8)
FNDA:0,(anonymous_9)
FNDA:0,(anonymous_10)
FNDA:0,(anonymous_11)
FNDA:0,(anonymous_12)
FNDA:0,(anonymous_13)
FNDA:0,(anonymous_14)
FNDA:0,(anonymous_15)
FNDA:0,(anonymous_16)
FNDA:0,(anonymous_17)
DA:1,2
DA:2,2
DA:5,2
DA:32,2
DA:33,0
DA:34,0
DA:42,0
DA:44,0
DA:54,0
DA:55,0
DA:58,0
DA:59,0
DA:71,2
DA:72,0
DA:73,0
DA:81,0
DA:82,0
DA:84,0
DA:85,0
DA:90,2
DA:91,0
DA:92,0
DA:101,0
DA:102,0
DA:103,0
DA:104,0
DA:107,0
DA:111,2
DA:112,0
DA:113,0
DA:114,0
DA:121,0
DA:122,0
DA:123,0
DA:125,0
DA:126,0
DA:130,2
DA:131,0
DA:132,0
DA:140,0
DA:142,0
DA:143,0
LF:42
LH:8
BRDA:32,0,0,0
BRDA:45,1,0,0
BRDA:45,1,1,0
BRDA:46,2,0,0
BRDA:46,2,1,0
BRDA:47,3,0,0
BRDA:47,3,1,0
BRDA:48,4,0,0
BRDA:48,4,1,0
BRDA:49,5,0,0
BRDA:49,5,1,0
BRDA:49,5,2,0
BRDA:49,6,0,0
BRDA:49,6,1,0
BRDA:49,7,0,0
BRDA:49,7,1,0
BRDA:50,8,0,0
BRDA:50,8,1,0
BRDA:82,9,0,0
BRDA:82,9,1,0
BRDA:130,10,0,0
BRF:21
BRH:0
end_of_record
TN:
SF:src\components\MovieBanner.tsx
FN:37,(anonymous_8)
FN:41,(anonymous_9)
FN:42,(anonymous_10)
FN:42,(anonymous_11)
FN:54,(anonymous_12)
FN:55,(anonymous_13)
FN:56,(anonymous_14)
FN:62,(anonymous_15)
FN:112,(anonymous_16)
FNF:9
FNH:9
FNDA:17,(anonymous_8)
FNDA:10,(anonymous_9)
FNDA:10,(anonymous_10)
FNDA:10,(anonymous_11)
FNDA:16,(anonymous_12)
FNDA:1,(anonymous_13)
FNDA:1,(anonymous_14)
FNDA:16,(anonymous_15)
FNDA:12,(anonymous_16)
DA:1,1
DA:2,1
DA:3,1
DA:4,1
DA:5,1
DA:22,1
DA:31,1
DA:37,1
DA:38,17
DA:39,17
DA:41,17
DA:42,10
DA:43,10
DA:44,10
DA:45,10
DA:46,8
DA:47,8
DA:51,10
DA:54,17
DA:55,16
DA:56,1
DA:57,1
DA:58,1
DA:62,16
DA:65,17
DA:67,17
DA:70,7
DA:113,12
DA:138,1
LF:29
LH:29
BRDA:45,0,0,8
BRDA:45,1,0,10
BRDA:45,1,1,9
BRDA:57,2,0,0
BRDA:67,3,0,10
BRF:5
BRH:4
end_of_record
TN:
SF:src\components\MovieCard.tsx
FN:19,(anonymous_7)
FN:32,(anonymous_8)
FN:40,(anonymous_9)
FN:46,(anonymous_10)
FN:56,(anonymous_11)
FN:61,(anonymous_12)
FN:61,(anonymous_13)
FNF:7
FNH:5
FNDA:10,(anonymous_7)
FNDA:0,(anonymous_8)
FNDA:0,(anonymous_9)
FNDA:3,(anonymous_10)
FNDA:2,(anonymous_11)
FNDA:2,(anonymous_12)
FNDA:2,(anonymous_13)
DA:2,1
DA:3,1
DA:4,1
DA:5,1
DA:19,1
DA:29,10
DA:30,10
DA:32,10
DA:33,0
DA:34,0
DA:36,0
DA:40,10
DA:41,0
DA:46,10
DA:47,3
DA:48,2
DA:52,1
DA:56,10
DA:57,2
DA:58,2
DA:61,10
DA:62,2
DA:63,2
DA:64,2
DA:65,1
DA:66,1
DA:68,1
DA:69,1
DA:73,10
DA:122,1
LF:30
LH:26
BRDA:33,0,0,0
BRDA:33,0,1,0
BRDA:47,1,0,2
BRDA:47,1,1,1
BRDA:47,2,0,3
BRDA:47,2,1,2
BRDA:84,3,0,10
BRDA:84,3,1,3
BRDA:92,4,0,10
BRDA:92,4,1,5
BRF:10
BRH:8
end_of_record
TN:
SF:src\pages\AllMovies.tsx
FN:21,(anonymous_8)
FN:32,(anonymous_9)
FN:33,(anonymous_10)
FN:37,(anonymous_11)
FN:40,(anonymous_12)
FN:48,(anonymous_13)
FN:48,(anonymous_14)
FN:56,(anonymous_15)
FN:56,(anonymous_16)
FN:66,(anonymous_17)
FN:87,(anonymous_18)
FN:105,(anonymous_19)
FN:112,(anonymous_20)
FN:115,(anonymous_21)
FN:123,(anonymous_22)
FNF:15
FNH:13
FNDA:33,(anonymous_8)
FNDA:10,(anonymous_9)
FNDA:2,(anonymous_10)
FNDA:10,(anonymous_11)
FNDA:12,(anonymous_12)
FNDA:10,(anonymous_13)
FNDA:10,(anonymous_14)
FNDA:2,(anonymous_15)
FNDA:2,(anonymous_16)
FNDA:2,(anonymous_17)
FNDA:121,(anonymous_18)
FNDA:0,(anonymous_19)
FNDA:42,(anonymous_20)
FNDA:2,(anonymous_21)
FNDA:0,(anonymous_22)
DA:1,1
DA:2,1
DA:3,1
DA:4,1
DA:5,1
DA:6,1
DA:7,1
DA:8,1
DA:21,1
DA:22,33
DA:23,33
DA:24,33
DA:26,33
DA:27,33
DA:28,33
DA:29,33
DA:30,33
DA:32,33
DA:33,10
DA:34,2
DA:37,10
DA:40,33
DA:41,12
DA:42,2
DA:44,10
DA:48,33
DA:49,10
DA:50,10
DA:51,10
DA:52,10
DA:53,10
DA:56,33
DA:57,2
DA:58,2
DA:59,2
DA:60,2
DA:62,0
DA:63,0
DA:66,33
DA:67,2
DA:68,2
DA:71,33
DA:88,121
DA:105,0
DA:113,42
DA:115,2
DA:123,0
DA:137,1
LF:48
LH:44
BRDA:23,0,0,33
BRDA:23,0,1,31
BRDA:41,1,0,2
BRDA:41,1,1,10
BRDA:49,2,0,10
BRDA:49,2,1,0
BRDA:50,3,0,0
BRDA:50,3,1,10
BRDA:50,4,0,10
BRDA:50,4,1,10
BRDA:96,5,0,121
BRDA:96,5,1,0
BRDA:102,6,0,33
BRDA:102,6,1,30
BRDA:107,7,0,24
BRDA:107,7,1,6
BRDA:116,8,0,30
BRDA:116,8,1,12
BRDA:125,9,0,24
BRDA:125,9,1,6
BRF:20
BRH:17
end_of_record
